2023/07/25 13:05:07 [emerg] 1#1: host not found in upstream "backend:8080" in /etc/nginx/conf.d/nginx.conf:2
2023/07/25 13:05:08 [emerg] 1#1: host not found in upstream "backend:8080" in /etc/nginx/conf.d/nginx.conf:2
2023/07/25 13:05:09 [emerg] 1#1: host not found in upstream "backend:8080" in /etc/nginx/conf.d/nginx.conf:2
2023/07/25 13:05:10 [emerg] 1#1: host not found in upstream "backend:8080" in /etc/nginx/conf.d/nginx.conf:2
2023/07/25 13:05:11 [emerg] 1#1: host not found in upstream "backend:8080" in /etc/nginx/conf.d/nginx.conf:2
2023/07/25 13:05:13 [emerg] 1#1: host not found in upstream "backend:8080" in /etc/nginx/conf.d/nginx.conf:2
2023/07/25 13:05:17 [emerg] 1#1: host not found in upstream "backend:8080" in /etc/nginx/conf.d/nginx.conf:2
2023/07/25 13:05:24 [emerg] 1#1: host not found in upstream "backend:8080" in /etc/nginx/conf.d/nginx.conf:2
2023/07/25 13:05:38 [emerg] 1#1: host not found in upstream "backend:8080" in /etc/nginx/conf.d/nginx.conf:2
2023/07/25 13:06:04 [emerg] 1#1: host not found in upstream "backend:8080" in /etc/nginx/conf.d/nginx.conf:2
2023/07/25 13:06:55 [emerg] 1#1: host not found in upstream "backend:8080" in /etc/nginx/conf.d/nginx.conf:2
2023/07/25 13:07:56 [emerg] 1#1: host not found in upstream "backend:8080" in /etc/nginx/conf.d/nginx.conf:2
2023/07/25 13:09:03 [emerg] 1#1: host not found in upstream "backend:8080" in /etc/nginx/conf.d/nginx.conf:2
2023/07/25 13:09:03 [emerg] 1#1: host not found in upstream "backend:8080" in /etc/nginx/conf.d/nginx.conf:2
2023/07/25 13:09:04 [emerg] 1#1: host not found in upstream "backend:8080" in /etc/nginx/conf.d/nginx.conf:2
2023/07/25 13:09:05 [emerg] 1#1: host not found in upstream "backend:8080" in /etc/nginx/conf.d/nginx.conf:2
2023/07/25 13:09:06 [emerg] 1#1: host not found in upstream "backend:8080" in /etc/nginx/conf.d/nginx.conf:2
2023/07/25 13:09:09 [emerg] 1#1: host not found in upstream "backend:8080" in /etc/nginx/conf.d/nginx.conf:2
2023/07/25 13:09:13 [emerg] 1#1: host not found in upstream "backend:8080" in /etc/nginx/conf.d/nginx.conf:2
2023/07/25 13:09:20 [emerg] 1#1: host not found in upstream "backend:8080" in /etc/nginx/conf.d/nginx.conf:2
2023/07/25 13:09:33 [emerg] 1#1: host not found in upstream "backend:8080" in /etc/nginx/conf.d/nginx.conf:2
2023/07/25 13:09:59 [emerg] 1#1: host not found in upstream "backend:8080" in /etc/nginx/conf.d/nginx.conf:2
2023/07/25 13:10:51 [emerg] 1#1: host not found in upstream "backend:8080" in /etc/nginx/conf.d/nginx.conf:2
2023/07/25 13:11:52 [emerg] 1#1: host not found in upstream "backend:8080" in /etc/nginx/conf.d/nginx.conf:2
2023/07/25 13:12:52 [emerg] 1#1: host not found in upstream "web" in /etc/nginx/conf.d/nginx.conf:9
2023/07/25 13:13:53 [emerg] 1#1: host not found in upstream "web" in /etc/nginx/conf.d/nginx.conf:9
2023/07/25 13:14:53 [emerg] 1#1: host not found in upstream "web" in /etc/nginx/conf.d/nginx.conf:9
2023/07/25 13:15:54 [emerg] 1#1: host not found in upstream "web" in /etc/nginx/conf.d/nginx.conf:9
2023/07/25 13:16:54 [emerg] 1#1: host not found in upstream "web" in /etc/nginx/conf.d/nginx.conf:9
2023/07/25 13:17:55 [emerg] 1#1: host not found in upstream "web" in /etc/nginx/conf.d/nginx.conf:9
2023/07/25 13:18:55 [emerg] 1#1: host not found in upstream "web" in /etc/nginx/conf.d/nginx.conf:9
2023/07/25 13:19:56 [notice] 1#1: using the "epoll" event method
2023/07/25 13:19:56 [notice] 1#1: nginx/1.25.1
2023/07/25 13:19:56 [notice] 1#1: built by gcc 12.2.0 (Debian 12.2.0-14) 
2023/07/25 13:19:56 [notice] 1#1: OS: Linux 5.15.49-linuxkit
2023/07/25 13:19:56 [notice] 1#1: getrlimit(RLIMIT_NOFILE): 1048576:1048576
2023/07/25 13:19:56 [notice] 1#1: start worker processes
2023/07/25 13:19:56 [notice] 1#1: start worker process 20
2023/07/25 13:19:56 [notice] 1#1: start worker process 21
2023/07/25 13:19:56 [notice] 1#1: start worker process 22
2023/07/25 13:19:56 [notice] 1#1: start worker process 23
2023/07/25 13:19:56 [notice] 1#1: start worker process 24
2023/07/25 13:19:56 [notice] 1#1: start worker process 25
2023/07/25 13:20:34 [notice] 1#1: signal 3 (SIGQUIT) received, shutting down
2023/07/25 13:20:34 [notice] 24#24: gracefully shutting down
2023/07/25 13:20:34 [notice] 24#24: exiting
2023/07/25 13:20:34 [notice] 22#22: gracefully shutting down
2023/07/25 13:20:34 [notice] 22#22: exiting
2023/07/25 13:20:34 [notice] 20#20: gracefully shutting down
2023/07/25 13:20:34 [notice] 21#21: gracefully shutting down
2023/07/25 13:20:34 [notice] 23#23: gracefully shutting down
2023/07/25 13:20:34 [notice] 25#25: gracefully shutting down
2023/07/25 13:20:34 [notice] 25#25: exiting
2023/07/25 13:20:34 [notice] 24#24: exit
2023/07/25 13:20:34 [notice] 22#22: exit
2023/07/25 13:20:34 [notice] 20#20: exiting
2023/07/25 13:20:34 [notice] 20#20: exit
2023/07/25 13:20:34 [notice] 21#21: exiting
2023/07/25 13:20:34 [notice] 21#21: exit
2023/07/25 13:20:34 [notice] 23#23: exiting
2023/07/25 13:20:34 [notice] 25#25: exit
2023/07/25 13:20:34 [notice] 23#23: exit
2023/07/25 13:20:34 [notice] 1#1: signal 17 (SIGCHLD) received from 20
2023/07/25 13:20:34 [notice] 1#1: worker process 20 exited with code 0
2023/07/25 13:20:34 [notice] 1#1: worker process 24 exited with code 0
2023/07/25 13:20:34 [notice] 1#1: signal 29 (SIGIO) received
2023/07/25 13:20:34 [notice] 1#1: signal 17 (SIGCHLD) received from 24
2023/07/25 13:20:34 [notice] 1#1: worker process 22 exited with code 0
2023/07/25 13:20:34 [notice] 1#1: signal 29 (SIGIO) received
2023/07/25 13:20:34 [notice] 1#1: signal 17 (SIGCHLD) received from 21
2023/07/25 13:20:34 [notice] 1#1: worker process 21 exited with code 0
2023/07/25 13:20:34 [notice] 1#1: worker process 23 exited with code 0
2023/07/25 13:20:34 [notice] 1#1: worker process 25 exited with code 0
2023/07/25 13:20:34 [notice] 1#1: exit
2023/07/25 13:21:09 [notice] 1#1: using the "epoll" event method
2023/07/25 13:21:09 [notice] 1#1: nginx/1.25.1
2023/07/25 13:21:09 [notice] 1#1: built by gcc 12.2.0 (Debian 12.2.0-14) 
2023/07/25 13:21:09 [notice] 1#1: OS: Linux 5.15.49-linuxkit
2023/07/25 13:21:09 [notice] 1#1: getrlimit(RLIMIT_NOFILE): 1048576:1048576
2023/07/25 13:21:09 [notice] 1#1: start worker processes
2023/07/25 13:21:09 [notice] 1#1: start worker process 20
2023/07/25 13:21:09 [notice] 1#1: start worker process 21
2023/07/25 13:21:09 [notice] 1#1: start worker process 22
2023/07/25 13:21:09 [notice] 1#1: start worker process 23
2023/07/25 13:21:09 [notice] 1#1: start worker process 24
2023/07/25 13:21:09 [notice] 1#1: start worker process 25
2023/07/25 13:21:53 [error] 21#21: *2 "/etc/nginx/html/index.html" is not found (2: No such file or directory), client: 172.18.0.1, server: , request: "GET / HTTP/1.1", host: "localhost"
2023/07/25 13:21:53 [error] 21#21: *2 open() "/etc/nginx/html/favicon.ico" failed (2: No such file or directory), client: 172.18.0.1, server: , request: "GET /favicon.ico HTTP/1.1", host: "localhost", referrer: "http://localhost/"
2023/07/25 14:40:55 [error] 22#22: *4 "/etc/nginx/html/index.html" is not found (2: No such file or directory), client: 172.18.0.1, server: , request: "GET / HTTP/1.1", host: "localhost"
2023/07/25 14:42:16 [error] 25#25: *5 open() "/etc/nginx/html/8080" failed (2: No such file or directory), client: 172.18.0.1, server: , request: "GET /8080 HTTP/1.1", host: "localhost"
2023/07/25 14:42:20 [error] 25#25: *5 open() "/etc/nginx/html/80" failed (2: No such file or directory), client: 172.18.0.1, server: , request: "GET /80 HTTP/1.1", host: "localhost"
2023/07/25 14:46:21 [error] 21#21: *7 "/etc/nginx/html/index.html" is not found (2: No such file or directory), client: 172.18.0.1, server: , request: "GET / HTTP/1.1", host: "localhost"
2023/07/25 14:56:57 [notice] 1#1: signal 3 (SIGQUIT) received, shutting down
2023/07/25 14:56:57 [notice] 21#21: gracefully shutting down
2023/07/25 14:56:57 [notice] 20#20: gracefully shutting down
2023/07/25 14:56:57 [notice] 22#22: gracefully shutting down
2023/07/25 14:56:57 [notice] 23#23: gracefully shutting down
2023/07/25 14:56:57 [notice] 24#24: gracefully shutting down
2023/07/25 14:56:57 [notice] 25#25: gracefully shutting down
2023/07/25 14:56:57 [notice] 21#21: exiting
2023/07/25 14:56:57 [notice] 20#20: exiting
2023/07/25 14:56:57 [notice] 22#22: exiting
2023/07/25 14:56:57 [notice] 23#23: exiting
2023/07/25 14:56:57 [notice] 24#24: exiting
2023/07/25 14:56:57 [notice] 25#25: exiting
2023/07/25 14:56:57 [notice] 21#21: exit
2023/07/25 14:56:57 [notice] 20#20: exit
2023/07/25 14:56:57 [notice] 22#22: exit
2023/07/25 14:56:57 [notice] 23#23: exit
2023/07/25 14:56:57 [notice] 24#24: exit
2023/07/25 14:56:57 [notice] 25#25: exit
2023/07/25 14:56:57 [notice] 1#1: signal 17 (SIGCHLD) received from 23
2023/07/25 14:56:57 [notice] 1#1: worker process 20 exited with code 0
2023/07/25 14:56:57 [notice] 1#1: worker process 21 exited with code 0
2023/07/25 14:56:57 [notice] 1#1: worker process 22 exited with code 0
2023/07/25 14:56:57 [notice] 1#1: worker process 23 exited with code 0
2023/07/25 14:56:57 [notice] 1#1: worker process 24 exited with code 0
2023/07/25 14:56:57 [notice] 1#1: worker process 25 exited with code 0
2023/07/25 14:56:57 [notice] 1#1: exit
2023/07/25 14:56:58 [notice] 1#1: using the "epoll" event method
2023/07/25 14:56:58 [notice] 1#1: nginx/1.25.1
2023/07/25 14:56:58 [notice] 1#1: built by gcc 12.2.0 (Debian 12.2.0-14) 
2023/07/25 14:56:58 [notice] 1#1: OS: Linux 5.15.49-linuxkit
2023/07/25 14:56:58 [notice] 1#1: getrlimit(RLIMIT_NOFILE): 1048576:1048576
2023/07/25 14:56:58 [notice] 1#1: start worker processes
2023/07/25 14:56:58 [notice] 1#1: start worker process 20
2023/07/25 14:56:58 [notice] 1#1: start worker process 21
2023/07/25 14:56:58 [notice] 1#1: start worker process 22
2023/07/25 14:56:58 [notice] 1#1: start worker process 23
2023/07/25 14:56:58 [notice] 1#1: start worker process 24
2023/07/25 14:56:58 [notice] 1#1: start worker process 25
2023/07/25 14:57:03 [error] 20#20: *2 directory index of "/var/www/SHOTPING-frontend/" is forbidden, client: 172.18.0.1, server: , request: "GET / HTTP/1.1", host: "localhost"
2023/07/25 15:05:00 [notice] 1#1: signal 3 (SIGQUIT) received, shutting down
2023/07/25 15:05:00 [notice] 21#21: gracefully shutting down
2023/07/25 15:05:00 [notice] 21#21: exiting
2023/07/25 15:05:00 [notice] 21#21: exit
2023/07/25 15:05:00 [notice] 24#24: gracefully shutting down
2023/07/25 15:05:00 [notice] 22#22: gracefully shutting down
2023/07/25 15:05:00 [notice] 24#24: exiting
2023/07/25 15:05:00 [notice] 25#25: gracefully shutting down
2023/07/25 15:05:00 [notice] 25#25: exiting
2023/07/25 15:05:00 [notice] 23#23: gracefully shutting down
2023/07/25 15:05:00 [notice] 23#23: exiting
2023/07/25 15:05:00 [notice] 20#20: gracefully shutting down
2023/07/25 15:05:00 [notice] 22#22: exiting
2023/07/25 15:05:00 [notice] 22#22: exit
2023/07/25 15:05:00 [notice] 24#24: exit
2023/07/25 15:05:00 [notice] 25#25: exit
2023/07/25 15:05:00 [notice] 23#23: exit
2023/07/25 15:05:00 [notice] 20#20: exiting
2023/07/25 15:05:00 [notice] 20#20: exit
2023/07/25 15:05:00 [notice] 1#1: signal 17 (SIGCHLD) received from 24
2023/07/25 15:05:00 [notice] 1#1: worker process 24 exited with code 0
2023/07/25 15:05:00 [notice] 1#1: signal 29 (SIGIO) received
2023/07/25 15:05:00 [notice] 1#1: signal 17 (SIGCHLD) received from 25
2023/07/25 15:05:00 [notice] 1#1: worker process 21 exited with code 0
2023/07/25 15:05:00 [notice] 1#1: worker process 25 exited with code 0
2023/07/25 15:05:00 [notice] 1#1: signal 29 (SIGIO) received
2023/07/25 15:05:00 [notice] 1#1: signal 17 (SIGCHLD) received from 21
2023/07/25 15:05:00 [notice] 1#1: worker process 22 exited with code 0
2023/07/25 15:05:00 [notice] 1#1: signal 29 (SIGIO) received
2023/07/25 15:05:00 [notice] 1#1: signal 17 (SIGCHLD) received from 22
2023/07/25 15:05:00 [notice] 1#1: signal 17 (SIGCHLD) received from 23
2023/07/25 15:05:00 [notice] 1#1: worker process 23 exited with code 0
2023/07/25 15:05:00 [notice] 1#1: signal 29 (SIGIO) received
2023/07/25 15:05:00 [notice] 1#1: signal 17 (SIGCHLD) received from 20
2023/07/25 15:05:00 [notice] 1#1: worker process 20 exited with code 0
2023/07/25 15:05:00 [notice] 1#1: exit
2023/07/25 15:24:59 [notice] 1#1: using the "epoll" event method
2023/07/25 15:24:59 [notice] 1#1: nginx/1.25.1
2023/07/25 15:24:59 [notice] 1#1: built by gcc 12.2.0 (Debian 12.2.0-14) 
2023/07/25 15:24:59 [notice] 1#1: OS: Linux 5.15.49-linuxkit
2023/07/25 15:24:59 [notice] 1#1: getrlimit(RLIMIT_NOFILE): 1048576:1048576
2023/07/25 15:24:59 [notice] 1#1: start worker processes
2023/07/25 15:24:59 [notice] 1#1: start worker process 20
2023/07/25 15:24:59 [notice] 1#1: start worker process 21
2023/07/25 15:24:59 [notice] 1#1: start worker process 22
2023/07/25 15:24:59 [notice] 1#1: start worker process 23
2023/07/25 15:24:59 [notice] 1#1: start worker process 24
2023/07/25 15:24:59 [notice] 1#1: start worker process 25
2023/07/25 15:25:32 [error] 20#20: *1 directory index of "/var/www/SHOTPING-frontend/" is forbidden, client: 172.18.0.1, server: , request: "GET / HTTP/1.1", host: "localhost"
2023/07/25 15:25:49 [error] 20#20: *1 directory index of "/var/www/SHOTPING-frontend/" is forbidden, client: 172.18.0.1, server: , request: "GET / HTTP/1.1", host: "localhost"
2023/07/25 15:26:04 [error] 20#20: *1 directory index of "/var/www/SHOTPING-frontend/" is forbidden, client: 172.18.0.1, server: , request: "GET / HTTP/1.1", host: "localhost"
2023/07/25 15:38:50 [error] 22#22: *4 directory index of "/var/www/SHOTPING-frontend/" is forbidden, client: 172.18.0.1, server: , request: "GET / HTTP/1.1", host: "localhost"
2023/07/25 15:42:38 [notice] 1#1: signal 3 (SIGQUIT) received, shutting down
2023/07/25 15:42:38 [notice] 21#21: gracefully shutting down
2023/07/25 15:42:38 [notice] 24#24: gracefully shutting down
2023/07/25 15:42:38 [notice] 24#24: exiting
2023/07/25 15:42:38 [notice] 23#23: gracefully shutting down
2023/07/25 15:42:38 [notice] 25#25: gracefully shutting down
2023/07/25 15:42:38 [notice] 25#25: exiting
2023/07/25 15:42:38 [notice] 22#22: gracefully shutting down
2023/07/25 15:42:38 [notice] 22#22: exiting
2023/07/25 15:42:38 [notice] 20#20: gracefully shutting down
2023/07/25 15:42:38 [notice] 21#21: exiting
2023/07/25 15:42:38 [notice] 21#21: exit
2023/07/25 15:42:38 [notice] 24#24: exit
2023/07/25 15:42:38 [notice] 23#23: exiting
2023/07/25 15:42:38 [notice] 25#25: exit
2023/07/25 15:42:38 [notice] 22#22: exit
2023/07/25 15:42:38 [notice] 20#20: exiting
2023/07/25 15:42:38 [notice] 23#23: exit
2023/07/25 15:42:38 [notice] 20#20: exit
2023/07/25 15:42:38 [notice] 1#1: signal 17 (SIGCHLD) received from 24
2023/07/25 15:42:38 [notice] 1#1: worker process 24 exited with code 0
2023/07/25 15:42:38 [notice] 1#1: signal 29 (SIGIO) received
2023/07/25 15:42:38 [notice] 1#1: signal 17 (SIGCHLD) received from 23
2023/07/25 15:42:38 [notice] 1#1: worker process 23 exited with code 0
2023/07/25 15:42:38 [notice] 1#1: signal 29 (SIGIO) received
2023/07/25 15:42:38 [notice] 1#1: signal 17 (SIGCHLD) received from 21
2023/07/25 15:42:38 [notice] 1#1: worker process 21 exited with code 0
2023/07/25 15:42:38 [notice] 1#1: signal 29 (SIGIO) received
2023/07/25 15:42:38 [notice] 1#1: signal 17 (SIGCHLD) received from 22
2023/07/25 15:42:38 [notice] 1#1: worker process 20 exited with code 0
2023/07/25 15:42:38 [notice] 1#1: worker process 22 exited with code 0
2023/07/25 15:42:38 [notice] 1#1: signal 17 (SIGCHLD) received from 20
2023/07/25 15:42:38 [notice] 1#1: worker process 25 exited with code 0
2023/07/25 15:42:38 [notice] 1#1: exit
2023/07/25 15:43:00 [notice] 1#1: using the "epoll" event method
2023/07/25 15:43:00 [notice] 1#1: nginx/1.25.1
2023/07/25 15:43:00 [notice] 1#1: built by gcc 12.2.0 (Debian 12.2.0-14) 
2023/07/25 15:43:00 [notice] 1#1: OS: Linux 5.15.49-linuxkit
2023/07/25 15:43:00 [notice] 1#1: getrlimit(RLIMIT_NOFILE): 1048576:1048576
2023/07/25 15:43:00 [notice] 1#1: start worker processes
2023/07/25 15:43:00 [notice] 1#1: start worker process 19
2023/07/25 15:43:00 [notice] 1#1: start worker process 20
2023/07/25 15:43:00 [notice] 1#1: start worker process 21
2023/07/25 15:43:00 [notice] 1#1: start worker process 22
2023/07/25 15:43:00 [notice] 1#1: start worker process 23
2023/07/25 15:43:00 [notice] 1#1: start worker process 24
2023/07/25 15:46:55 [notice] 1#1: signal 3 (SIGQUIT) received, shutting down
2023/07/25 15:46:55 [notice] 20#20: gracefully shutting down
2023/07/25 15:46:55 [notice] 23#23: gracefully shutting down
2023/07/25 15:46:55 [notice] 19#19: gracefully shutting down
2023/07/25 15:46:55 [notice] 19#19: exiting
2023/07/25 15:46:55 [notice] 24#24: gracefully shutting down
2023/07/25 15:46:55 [notice] 21#21: gracefully shutting down
2023/07/25 15:46:55 [notice] 21#21: exiting
2023/07/25 15:46:55 [notice] 22#22: gracefully shutting down
2023/07/25 15:46:55 [notice] 20#20: exiting
2023/07/25 15:46:55 [notice] 20#20: exit
2023/07/25 15:46:55 [notice] 23#23: exiting
2023/07/25 15:46:55 [notice] 19#19: exit
2023/07/25 15:46:55 [notice] 24#24: exiting
2023/07/25 15:46:55 [notice] 21#21: exit
2023/07/25 15:46:55 [notice] 22#22: exiting
2023/07/25 15:46:55 [notice] 22#22: exit
2023/07/25 15:46:55 [notice] 23#23: exit
2023/07/25 15:46:55 [notice] 24#24: exit
2023/07/25 15:46:55 [notice] 1#1: signal 17 (SIGCHLD) received from 19
2023/07/25 15:46:55 [notice] 1#1: worker process 19 exited with code 0
2023/07/25 15:46:55 [notice] 1#1: worker process 20 exited with code 0
2023/07/25 15:46:55 [notice] 1#1: worker process 21 exited with code 0
2023/07/25 15:46:55 [notice] 1#1: signal 29 (SIGIO) received
2023/07/25 15:46:55 [notice] 1#1: signal 17 (SIGCHLD) received from 20
2023/07/25 15:46:55 [notice] 1#1: signal 17 (SIGCHLD) received from 22
2023/07/25 15:46:55 [notice] 1#1: worker process 22 exited with code 0
2023/07/25 15:46:55 [notice] 1#1: worker process 23 exited with code 0
2023/07/25 15:46:55 [notice] 1#1: worker process 24 exited with code 0
2023/07/25 15:46:55 [notice] 1#1: exit
2023/07/25 15:47:25 [notice] 1#1: using the "epoll" event method
2023/07/25 15:47:25 [notice] 1#1: nginx/1.25.1
2023/07/25 15:47:25 [notice] 1#1: built by gcc 12.2.0 (Debian 12.2.0-14) 
2023/07/25 15:47:25 [notice] 1#1: OS: Linux 5.15.49-linuxkit
2023/07/25 15:47:25 [notice] 1#1: getrlimit(RLIMIT_NOFILE): 1048576:1048576
2023/07/25 15:47:25 [notice] 1#1: start worker processes
2023/07/25 15:47:25 [notice] 1#1: start worker process 19
2023/07/25 15:47:25 [notice] 1#1: start worker process 20
2023/07/25 15:47:25 [notice] 1#1: start worker process 21
2023/07/25 15:47:25 [notice] 1#1: start worker process 22
2023/07/25 15:47:25 [notice] 1#1: start worker process 23
2023/07/25 15:47:25 [notice] 1#1: start worker process 24
2023/07/25 15:49:28 [error] 21#21: *1 directory index of "/var/www/SHOTPING-frontend/" is forbidden, client: 172.20.0.1, server: , request: "GET / HTTP/1.1", host: "localhost"
2023/07/25 16:06:49 [notice] 1#1: signal 3 (SIGQUIT) received, shutting down
2023/07/25 16:06:49 [notice] 19#19: gracefully shutting down
2023/07/25 16:06:49 [notice] 20#20: gracefully shutting down
2023/07/25 16:06:49 [notice] 20#20: exiting
2023/07/25 16:06:49 [notice] 22#22: gracefully shutting down
2023/07/25 16:06:49 [notice] 21#21: gracefully shutting down
2023/07/25 16:06:49 [notice] 21#21: exiting
2023/07/25 16:06:49 [notice] 23#23: gracefully shutting down
2023/07/25 16:06:49 [notice] 23#23: exiting
2023/07/25 16:06:49 [notice] 24#24: gracefully shutting down
2023/07/25 16:06:49 [notice] 24#24: exiting
2023/07/25 16:06:49 [notice] 19#19: exiting
2023/07/25 16:06:49 [notice] 19#19: exit
2023/07/25 16:06:49 [notice] 20#20: exit
2023/07/25 16:06:49 [notice] 22#22: exiting
2023/07/25 16:06:49 [notice] 22#22: exit
2023/07/25 16:06:49 [notice] 21#21: exit
2023/07/25 16:06:49 [notice] 23#23: exit
2023/07/25 16:06:49 [notice] 24#24: exit
2023/07/25 16:06:49 [notice] 1#1: signal 17 (SIGCHLD) received from 21
2023/07/25 16:06:49 [notice] 1#1: worker process 21 exited with code 0
2023/07/25 16:06:50 [notice] 1#1: signal 29 (SIGIO) received
2023/07/25 16:06:50 [notice] 1#1: signal 17 (SIGCHLD) received from 23
2023/07/25 16:06:50 [notice] 1#1: worker process 23 exited with code 0
2023/07/25 16:06:50 [notice] 1#1: worker process 19 exited with code 0
2023/07/25 16:06:50 [notice] 1#1: signal 29 (SIGIO) received
2023/07/25 16:06:50 [notice] 1#1: signal 17 (SIGCHLD) received from 19
2023/07/25 16:06:50 [notice] 1#1: worker process 22 exited with code 0
2023/07/25 16:06:50 [notice] 1#1: worker process 20 exited with code 0
2023/07/25 16:06:50 [notice] 1#1: signal 29 (SIGIO) received
2023/07/25 16:06:50 [notice] 1#1: signal 17 (SIGCHLD) received from 22
2023/07/25 16:06:50 [notice] 1#1: worker process 24 exited with code 0
2023/07/25 16:06:50 [notice] 1#1: exit
2023/07/25 16:08:35 [notice] 1#1: using the "epoll" event method
2023/07/25 16:08:35 [notice] 1#1: nginx/1.25.1
2023/07/25 16:08:35 [notice] 1#1: built by gcc 12.2.0 (Debian 12.2.0-14) 
2023/07/25 16:08:35 [notice] 1#1: OS: Linux 5.15.49-linuxkit
2023/07/25 16:08:35 [notice] 1#1: getrlimit(RLIMIT_NOFILE): 1048576:1048576
2023/07/25 16:08:35 [notice] 1#1: start worker processes
2023/07/25 16:08:35 [notice] 1#1: start worker process 19
2023/07/25 16:08:35 [notice] 1#1: start worker process 20
2023/07/25 16:08:35 [notice] 1#1: start worker process 21
2023/07/25 16:08:35 [notice] 1#1: start worker process 22
2023/07/25 16:08:35 [notice] 1#1: start worker process 23
2023/07/25 16:08:35 [notice] 1#1: start worker process 24
2023/07/25 16:09:03 [error] 20#20: *1 directory index of "/var/www/SHOTPING-frontend/" is forbidden, client: 172.20.0.1, server: , request: "GET / HTTP/1.1", host: "localhost"
2023/07/25 16:09:25 [notice] 1#1: signal 3 (SIGQUIT) received, shutting down
2023/07/25 16:09:25 [notice] 22#22: gracefully shutting down
2023/07/25 16:09:25 [notice] 23#23: gracefully shutting down
2023/07/25 16:09:25 [notice] 20#20: gracefully shutting down
2023/07/25 16:09:25 [notice] 21#21: gracefully shutting down
2023/07/25 16:09:25 [notice] 21#21: exiting
2023/07/25 16:09:25 [notice] 24#24: gracefully shutting down
2023/07/25 16:09:25 [notice] 19#19: gracefully shutting down
2023/07/25 16:09:25 [notice] 22#22: exiting
2023/07/25 16:09:25 [notice] 23#23: exiting
2023/07/25 16:09:25 [notice] 23#23: exit
2023/07/25 16:09:25 [notice] 20#20: exiting
2023/07/25 16:09:25 [notice] 21#21: exit
2023/07/25 16:09:25 [notice] 24#24: exiting
2023/07/25 16:09:25 [notice] 22#22: exit
2023/07/25 16:09:25 [notice] 20#20: exit
2023/07/25 16:09:25 [notice] 24#24: exit
2023/07/25 16:09:26 [notice] 1#1: signal 17 (SIGCHLD) received from 21
2023/07/25 16:09:26 [notice] 1#1: worker process 20 exited with code 0
2023/07/25 16:09:26 [notice] 1#1: worker process 21 exited with code 0
2023/07/25 16:09:26 [notice] 1#1: worker process 22 exited with code 0
2023/07/25 16:09:26 [notice] 1#1: worker process 23 exited with code 0
2023/07/25 16:09:26 [notice] 1#1: worker process 24 exited with code 0
2023/07/25 16:09:26 [notice] 1#1: signal 29 (SIGIO) received
2023/07/25 16:09:44 [notice] 1#1: using the "epoll" event method
2023/07/25 16:09:44 [notice] 1#1: nginx/1.25.1
2023/07/25 16:09:44 [notice] 1#1: built by gcc 12.2.0 (Debian 12.2.0-14) 
2023/07/25 16:09:44 [notice] 1#1: OS: Linux 5.15.49-linuxkit
2023/07/25 16:09:44 [notice] 1#1: getrlimit(RLIMIT_NOFILE): 1048576:1048576
2023/07/25 16:09:44 [notice] 1#1: start worker processes
2023/07/25 16:09:44 [notice] 1#1: start worker process 20
2023/07/25 16:09:44 [notice] 1#1: start worker process 21
2023/07/25 16:09:44 [notice] 1#1: start worker process 22
2023/07/25 16:09:44 [notice] 1#1: start worker process 23
2023/07/25 16:09:44 [notice] 1#1: start worker process 24
2023/07/25 16:09:44 [notice] 1#1: start worker process 25
2023/07/25 16:10:26 [error] 21#21: *1 directory index of "/var/www/SHOTPING-frontend/" is forbidden, client: 172.20.0.1, server: , request: "GET / HTTP/1.1", host: "localhost"
2023/07/25 16:17:47 [notice] 1#1: signal 3 (SIGQUIT) received, shutting down
2023/07/25 16:17:47 [notice] 20#20: gracefully shutting down
2023/07/25 16:17:47 [notice] 25#25: gracefully shutting down
2023/07/25 16:17:47 [notice] 25#25: exiting
2023/07/25 16:17:47 [notice] 24#24: gracefully shutting down
2023/07/25 16:17:47 [notice] 23#23: gracefully shutting down
2023/07/25 16:17:47 [notice] 21#21: gracefully shutting down
2023/07/25 16:17:47 [notice] 22#22: gracefully shutting down
2023/07/25 16:17:47 [notice] 20#20: exiting
2023/07/25 16:17:47 [notice] 25#25: exit
2023/07/25 16:17:47 [notice] 24#24: exiting
2023/07/25 16:17:47 [notice] 23#23: exiting
2023/07/25 16:17:47 [notice] 23#23: exit
2023/07/25 16:17:47 [notice] 21#21: exiting
2023/07/25 16:17:47 [notice] 21#21: exit
2023/07/25 16:17:47 [notice] 22#22: exiting
2023/07/25 16:17:47 [notice] 20#20: exit
2023/07/25 16:17:47 [notice] 24#24: exit
2023/07/25 16:17:47 [notice] 22#22: exit
2023/07/25 16:17:47 [notice] 1#1: signal 17 (SIGCHLD) received from 21
2023/07/25 16:17:47 [notice] 1#1: worker process 21 exited with code 0
2023/07/25 16:17:47 [notice] 1#1: worker process 25 exited with code 0
2023/07/25 16:17:47 [notice] 1#1: signal 29 (SIGIO) received
2023/07/25 16:17:47 [notice] 1#1: signal 17 (SIGCHLD) received from 25
2023/07/25 16:17:47 [notice] 1#1: signal 17 (SIGCHLD) received from 20
2023/07/25 16:17:47 [notice] 1#1: worker process 20 exited with code 0
2023/07/25 16:17:47 [notice] 1#1: signal 29 (SIGIO) received
2023/07/25 16:17:47 [notice] 1#1: signal 17 (SIGCHLD) received from 23
2023/07/25 16:17:47 [notice] 1#1: worker process 22 exited with code 0
2023/07/25 16:17:47 [notice] 1#1: worker process 23 exited with code 0
2023/07/25 16:17:47 [notice] 1#1: worker process 24 exited with code 0
2023/07/25 16:17:47 [notice] 1#1: exit
2023/07/25 16:23:53 [notice] 1#1: using the "epoll" event method
2023/07/25 16:23:53 [notice] 1#1: nginx/1.25.1
2023/07/25 16:23:53 [notice] 1#1: built by gcc 12.2.0 (Debian 12.2.0-14) 
2023/07/25 16:23:53 [notice] 1#1: OS: Linux 5.15.49-linuxkit
2023/07/25 16:23:53 [notice] 1#1: getrlimit(RLIMIT_NOFILE): 1048576:1048576
2023/07/25 16:23:53 [notice] 1#1: start worker processes
2023/07/25 16:23:53 [notice] 1#1: start worker process 20
2023/07/25 16:23:53 [notice] 1#1: start worker process 21
2023/07/25 16:23:53 [notice] 1#1: start worker process 22
2023/07/25 16:23:53 [notice] 1#1: start worker process 23
2023/07/25 16:23:53 [notice] 1#1: start worker process 24
2023/07/25 16:23:53 [notice] 1#1: start worker process 25
2023/07/25 16:24:59 [error] 20#20: *2 directory index of "/var/www/SHOTPING-frontend/" is forbidden, client: 172.22.0.1, server: , request: "GET / HTTP/1.1", host: "localhost"
2023/07/25 16:30:34 [error] 22#22: *3 directory index of "/var/www/SHOTPING-frontend/" is forbidden, client: 172.22.0.1, server: , request: "GET / HTTP/1.1", host: "localhost"
2023/07/25 16:37:48 [notice] 1#1: signal 3 (SIGQUIT) received, shutting down
2023/07/25 16:37:48 [notice] 20#20: gracefully shutting down
2023/07/25 16:37:48 [notice] 25#25: gracefully shutting down
2023/07/25 16:37:48 [notice] 21#21: gracefully shutting down
2023/07/25 16:37:48 [notice] 24#24: gracefully shutting down
2023/07/25 16:37:48 [notice] 22#22: gracefully shutting down
2023/07/25 16:37:48 [notice] 22#22: exiting
2023/07/25 16:37:48 [notice] 23#23: gracefully shutting down
2023/07/25 16:37:48 [notice] 20#20: exiting
2023/07/25 16:37:48 [notice] 25#25: exiting
2023/07/25 16:37:48 [notice] 25#25: exit
2023/07/25 16:37:48 [notice] 21#21: exiting
2023/07/25 16:37:48 [notice] 24#24: exiting
2023/07/25 16:37:48 [notice] 24#24: exit
2023/07/25 16:37:48 [notice] 22#22: exit
2023/07/25 16:37:48 [notice] 23#23: exiting
2023/07/25 16:37:48 [notice] 20#20: exit
2023/07/25 16:37:48 [notice] 21#21: exit
2023/07/25 16:37:48 [notice] 23#23: exit
2023/07/25 16:37:48 [notice] 1#1: signal 17 (SIGCHLD) received from 24
2023/07/25 16:37:48 [notice] 1#1: worker process 24 exited with code 0
2023/07/25 16:37:48 [notice] 1#1: signal 29 (SIGIO) received
2023/07/25 16:37:48 [notice] 1#1: signal 17 (SIGCHLD) received from 23
2023/07/25 16:37:48 [notice] 1#1: worker process 23 exited with code 0
2023/07/25 16:37:48 [notice] 1#1: worker process 20 exited with code 0
2023/07/25 16:37:48 [notice] 1#1: worker process 21 exited with code 0
2023/07/25 16:37:48 [notice] 1#1: worker process 22 exited with code 0
2023/07/25 16:37:48 [notice] 1#1: worker process 25 exited with code 0
2023/07/25 16:37:48 [notice] 1#1: signal 17 (SIGCHLD) received from 20
2023/07/25 16:37:48 [notice] 1#1: exit
2023/07/25 16:38:12 [notice] 1#1: using the "epoll" event method
2023/07/25 16:38:12 [notice] 1#1: nginx/1.25.1
2023/07/25 16:38:12 [notice] 1#1: built by gcc 12.2.0 (Debian 12.2.0-14) 
2023/07/25 16:38:12 [notice] 1#1: OS: Linux 5.15.49-linuxkit
2023/07/25 16:38:12 [notice] 1#1: getrlimit(RLIMIT_NOFILE): 1048576:1048576
2023/07/25 16:38:12 [notice] 1#1: start worker processes
2023/07/25 16:38:12 [notice] 1#1: start worker process 20
2023/07/25 16:38:12 [notice] 1#1: start worker process 21
2023/07/25 16:38:12 [notice] 1#1: start worker process 22
2023/07/25 16:38:12 [notice] 1#1: start worker process 23
2023/07/25 16:38:12 [notice] 1#1: start worker process 24
2023/07/25 16:38:12 [notice] 1#1: start worker process 25
2023/07/25 16:38:37 [error] 20#20: *2 directory index of "/var/www/SHOTPING-frontend/" is forbidden, client: 172.22.0.1, server: , request: "GET / HTTP/1.1", host: "localhost"
2023/07/25 16:40:53 [error] 23#23: *4 directory index of "/var/www/SHOTPING-frontend/" is forbidden, client: 172.22.0.1, server: , request: "GET / HTTP/1.1", host: "localhost"
2023/07/25 19:14:56 [error] 24#24: *5 directory index of "/var/www/SHOTPING-frontend/" is forbidden, client: 172.22.0.1, server: , request: "GET / HTTP/1.1", host: "localhost"
2023/07/25 19:17:09 [notice] 1#1: signal 3 (SIGQUIT) received, shutting down
2023/07/25 19:17:09 [notice] 21#21: gracefully shutting down
2023/07/25 19:17:09 [notice] 22#22: gracefully shutting down
2023/07/25 19:17:09 [notice] 22#22: exiting
2023/07/25 19:17:09 [notice] 23#23: gracefully shutting down
2023/07/25 19:17:09 [notice] 20#20: gracefully shutting down
2023/07/25 19:17:09 [notice] 24#24: gracefully shutting down
2023/07/25 19:17:09 [notice] 23#23: exiting
2023/07/25 19:17:09 [notice] 25#25: gracefully shutting down
2023/07/25 19:17:09 [notice] 24#24: exiting
2023/07/25 19:17:09 [notice] 21#21: exiting
2023/07/25 19:17:09 [notice] 21#21: exit
2023/07/25 19:17:09 [notice] 22#22: exit
2023/07/25 19:17:09 [notice] 20#20: exiting
2023/07/25 19:17:09 [notice] 23#23: exit
2023/07/25 19:17:09 [notice] 25#25: exiting
2023/07/25 19:17:09 [notice] 24#24: exit
2023/07/25 19:17:09 [notice] 20#20: exit
2023/07/25 19:17:09 [notice] 25#25: exit
2023/07/25 19:17:09 [notice] 1#1: signal 17 (SIGCHLD) received from 23
2023/07/25 19:17:09 [notice] 1#1: worker process 23 exited with code 0
2023/07/25 19:17:09 [notice] 1#1: worker process 24 exited with code 0
2023/07/25 19:17:09 [notice] 1#1: signal 29 (SIGIO) received
2023/07/25 19:17:09 [notice] 1#1: signal 17 (SIGCHLD) received from 24
2023/07/25 19:17:09 [notice] 1#1: signal 17 (SIGCHLD) received from 21
2023/07/25 19:17:09 [notice] 1#1: worker process 21 exited with code 0
2023/07/25 19:17:09 [notice] 1#1: worker process 22 exited with code 0
2023/07/25 19:17:09 [notice] 1#1: signal 29 (SIGIO) received
2023/07/25 19:17:09 [notice] 1#1: signal 17 (SIGCHLD) received from 25
2023/07/25 19:17:09 [notice] 1#1: worker process 20 exited with code 0
2023/07/25 19:17:09 [notice] 1#1: worker process 25 exited with code 0
2023/07/25 19:17:09 [notice] 1#1: exit
2023/07/25 19:21:57 [notice] 1#1: using the "epoll" event method
2023/07/25 19:21:57 [notice] 1#1: nginx/1.25.1
2023/07/25 19:21:57 [notice] 1#1: built by gcc 12.2.0 (Debian 12.2.0-14) 
2023/07/25 19:21:57 [notice] 1#1: OS: Linux 5.15.49-linuxkit
2023/07/25 19:21:57 [notice] 1#1: getrlimit(RLIMIT_NOFILE): 1048576:1048576
2023/07/25 19:21:57 [notice] 1#1: start worker processes
2023/07/25 19:21:57 [notice] 1#1: start worker process 19
2023/07/25 19:21:57 [notice] 1#1: start worker process 20
2023/07/25 19:21:57 [notice] 1#1: start worker process 21
2023/07/25 19:21:57 [notice] 1#1: start worker process 22
2023/07/25 19:21:57 [notice] 1#1: start worker process 23
2023/07/25 19:21:57 [notice] 1#1: start worker process 24
2023/07/25 19:23:52 [notice] 1#1: signal 3 (SIGQUIT) received, shutting down
2023/07/25 19:23:52 [notice] 19#19: gracefully shutting down
2023/07/25 19:23:52 [notice] 19#19: exiting
2023/07/25 19:23:52 [notice] 22#22: gracefully shutting down
2023/07/25 19:23:52 [notice] 23#23: gracefully shutting down
2023/07/25 19:23:52 [notice] 21#21: gracefully shutting down
2023/07/25 19:23:52 [notice] 24#24: gracefully shutting down
2023/07/25 19:23:52 [notice] 20#20: gracefully shutting down
2023/07/25 19:23:52 [notice] 19#19: exit
2023/07/25 19:23:52 [notice] 22#22: exiting
2023/07/25 19:23:52 [notice] 23#23: exiting
2023/07/25 19:23:52 [notice] 23#23: exit
2023/07/25 19:23:52 [notice] 21#21: exiting
2023/07/25 19:23:52 [notice] 24#24: exiting
2023/07/25 19:23:52 [notice] 20#20: exiting
2023/07/25 19:23:52 [notice] 22#22: exit
2023/07/25 19:23:52 [notice] 21#21: exit
2023/07/25 19:23:52 [notice] 24#24: exit
2023/07/25 19:23:52 [notice] 20#20: exit
2023/07/25 19:23:52 [notice] 1#1: signal 17 (SIGCHLD) received from 19
2023/07/25 19:23:52 [notice] 1#1: worker process 19 exited with code 0
2023/07/25 19:23:52 [notice] 1#1: signal 29 (SIGIO) received
2023/07/25 19:23:52 [notice] 1#1: signal 17 (SIGCHLD) received from 23
2023/07/25 19:23:52 [notice] 1#1: worker process 23 exited with code 0
2023/07/25 19:23:52 [notice] 1#1: signal 29 (SIGIO) received
2023/07/25 19:23:52 [notice] 1#1: signal 17 (SIGCHLD) received from 24
2023/07/25 19:23:52 [notice] 1#1: worker process 24 exited with code 0
2023/07/25 19:23:52 [notice] 1#1: signal 29 (SIGIO) received
2023/07/25 19:23:52 [notice] 1#1: signal 17 (SIGCHLD) received from 21
2023/07/25 19:23:52 [notice] 1#1: worker process 21 exited with code 0
2023/07/25 19:23:52 [notice] 1#1: worker process 22 exited with code 0
2023/07/25 19:23:52 [notice] 1#1: worker process 20 exited with code 0
2023/07/25 19:23:52 [notice] 1#1: exit
2023/07/25 19:24:06 [notice] 1#1: using the "epoll" event method
2023/07/25 19:24:06 [notice] 1#1: nginx/1.25.1
2023/07/25 19:24:06 [notice] 1#1: built by gcc 12.2.0 (Debian 12.2.0-14) 
2023/07/25 19:24:06 [notice] 1#1: OS: Linux 5.15.49-linuxkit
2023/07/25 19:24:06 [notice] 1#1: getrlimit(RLIMIT_NOFILE): 1048576:1048576
2023/07/25 19:24:06 [notice] 1#1: start worker processes
2023/07/25 19:24:06 [notice] 1#1: start worker process 20
2023/07/25 19:24:06 [notice] 1#1: start worker process 21
2023/07/25 19:24:06 [notice] 1#1: start worker process 22
2023/07/25 19:24:06 [notice] 1#1: start worker process 23
2023/07/25 19:24:06 [notice] 1#1: start worker process 24
2023/07/25 19:24:06 [notice] 1#1: start worker process 25
2023/07/25 19:26:35 [notice] 1#1: signal 3 (SIGQUIT) received, shutting down
2023/07/25 19:26:35 [notice] 23#23: gracefully shutting down
2023/07/25 19:26:35 [notice] 20#20: gracefully shutting down
2023/07/25 19:26:35 [notice] 21#21: gracefully shutting down
2023/07/25 19:26:35 [notice] 22#22: gracefully shutting down
2023/07/25 19:26:35 [notice] 24#24: gracefully shutting down
2023/07/25 19:26:35 [notice] 25#25: gracefully shutting down
2023/07/25 19:26:35 [notice] 25#25: exiting
2023/07/25 19:26:35 [notice] 23#23: exiting
2023/07/25 19:26:35 [notice] 20#20: exiting
2023/07/25 19:26:35 [notice] 21#21: exiting
2023/07/25 19:26:35 [notice] 22#22: exiting
2023/07/25 19:26:35 [notice] 24#24: exiting
2023/07/25 19:26:35 [notice] 25#25: exit
2023/07/25 19:26:35 [notice] 23#23: exit
2023/07/25 19:26:35 [notice] 20#20: exit
2023/07/25 19:26:35 [notice] 21#21: exit
2023/07/25 19:26:35 [notice] 22#22: exit
2023/07/25 19:26:35 [notice] 24#24: exit
2023/07/25 19:26:35 [notice] 1#1: signal 17 (SIGCHLD) received from 25
2023/07/25 19:26:35 [notice] 1#1: worker process 25 exited with code 0
2023/07/25 19:26:35 [notice] 1#1: signal 29 (SIGIO) received
2023/07/25 19:26:35 [notice] 1#1: signal 17 (SIGCHLD) received from 21
2023/07/25 19:26:35 [notice] 1#1: worker process 21 exited with code 0
2023/07/25 19:26:35 [notice] 1#1: signal 29 (SIGIO) received
2023/07/25 19:26:35 [notice] 1#1: signal 17 (SIGCHLD) received from 24
2023/07/25 19:26:35 [notice] 1#1: worker process 22 exited with code 0
2023/07/25 19:26:35 [notice] 1#1: worker process 23 exited with code 0
2023/07/25 19:26:35 [notice] 1#1: worker process 24 exited with code 0
2023/07/25 19:26:35 [notice] 1#1: signal 29 (SIGIO) received
2023/07/25 19:26:35 [notice] 1#1: signal 17 (SIGCHLD) received from 22
2023/07/25 19:26:35 [notice] 1#1: signal 17 (SIGCHLD) received from 20
2023/07/25 19:26:35 [notice] 1#1: worker process 20 exited with code 0
2023/07/25 19:26:35 [notice] 1#1: exit
2023/07/25 19:29:09 [notice] 1#1: using the "epoll" event method
2023/07/25 19:29:09 [notice] 1#1: nginx/1.25.1
2023/07/25 19:29:09 [notice] 1#1: built by gcc 12.2.0 (Debian 12.2.0-14) 
2023/07/25 19:29:09 [notice] 1#1: OS: Linux 5.15.49-linuxkit
2023/07/25 19:29:09 [notice] 1#1: getrlimit(RLIMIT_NOFILE): 1048576:1048576
2023/07/25 19:29:09 [notice] 1#1: start worker processes
2023/07/25 19:29:09 [notice] 1#1: start worker process 20
2023/07/25 19:29:09 [notice] 1#1: start worker process 21
2023/07/25 19:29:09 [notice] 1#1: start worker process 22
2023/07/25 19:29:09 [notice] 1#1: start worker process 23
2023/07/25 19:29:09 [notice] 1#1: start worker process 24
2023/07/25 19:29:09 [notice] 1#1: start worker process 25
2023/07/25 19:31:15 [notice] 1#1: signal 3 (SIGQUIT) received, shutting down
2023/07/25 19:31:15 [notice] 21#21: gracefully shutting down
2023/07/25 19:31:15 [notice] 21#21: exiting
2023/07/25 19:31:15 [notice] 24#24: gracefully shutting down
2023/07/25 19:31:15 [notice] 23#23: gracefully shutting down
2023/07/25 19:31:15 [notice] 23#23: exiting
2023/07/25 19:31:15 [notice] 25#25: gracefully shutting down
2023/07/25 19:31:15 [notice] 25#25: exiting
2023/07/25 19:31:15 [notice] 22#22: gracefully shutting down
2023/07/25 19:31:15 [notice] 20#20: gracefully shutting down
2023/07/25 19:31:15 [notice] 21#21: exit
2023/07/25 19:31:15 [notice] 24#24: exiting
2023/07/25 19:31:15 [notice] 23#23: exit
2023/07/25 19:31:15 [notice] 25#25: exit
2023/07/25 19:31:15 [notice] 22#22: exiting
2023/07/25 19:31:15 [notice] 20#20: exiting
2023/07/25 19:31:15 [notice] 24#24: exit
2023/07/25 19:31:15 [notice] 22#22: exit
2023/07/25 19:31:15 [notice] 20#20: exit
2023/07/25 19:31:15 [notice] 1#1: signal 17 (SIGCHLD) received from 23
2023/07/25 19:31:15 [notice] 1#1: worker process 23 exited with code 0
2023/07/25 19:31:15 [notice] 1#1: signal 29 (SIGIO) received
2023/07/25 19:31:15 [notice] 1#1: signal 17 (SIGCHLD) received from 21
2023/07/25 19:31:15 [notice] 1#1: worker process 21 exited with code 0
2023/07/25 19:31:15 [notice] 1#1: signal 29 (SIGIO) received
2023/07/25 19:31:15 [notice] 1#1: signal 17 (SIGCHLD) received from 24
2023/07/25 19:31:15 [notice] 1#1: worker process 24 exited with code 0
2023/07/25 19:31:15 [notice] 1#1: signal 29 (SIGIO) received
2023/07/25 19:31:15 [notice] 1#1: signal 17 (SIGCHLD) received from 22
2023/07/25 19:31:15 [notice] 1#1: worker process 22 exited with code 0
2023/07/25 19:31:15 [notice] 1#1: worker process 25 exited with code 0
2023/07/25 19:31:15 [notice] 1#1: signal 29 (SIGIO) received
2023/07/25 19:31:15 [notice] 1#1: signal 17 (SIGCHLD) received from 20
2023/07/25 19:31:15 [notice] 1#1: worker process 20 exited with code 0
2023/07/25 19:31:15 [notice] 1#1: exit
2023/07/25 19:33:53 [emerg] 1#1: host not found in upstream "node-service:8080" in /etc/nginx/conf.d/nginx.conf:2
2023/07/25 19:33:54 [emerg] 1#1: host not found in upstream "node-service:8080" in /etc/nginx/conf.d/nginx.conf:2
2023/07/25 19:33:55 [emerg] 1#1: host not found in upstream "node-service:8080" in /etc/nginx/conf.d/nginx.conf:2
2023/07/25 19:33:55 [emerg] 1#1: host not found in upstream "node-service:8080" in /etc/nginx/conf.d/nginx.conf:2
2023/07/25 19:33:57 [emerg] 1#1: host not found in upstream "node-service:8080" in /etc/nginx/conf.d/nginx.conf:2
2023/07/25 19:33:59 [emerg] 1#1: host not found in upstream "node-service:8080" in /etc/nginx/conf.d/nginx.conf:2
2023/07/25 19:34:02 [emerg] 1#1: host not found in upstream "node-service:8080" in /etc/nginx/conf.d/nginx.conf:2
2023/07/25 19:34:09 [emerg] 1#1: host not found in upstream "node-service:8080" in /etc/nginx/conf.d/nginx.conf:2
2023/07/25 19:34:22 [emerg] 1#1: host not found in upstream "node-service:8080" in /etc/nginx/conf.d/nginx.conf:2
2023/07/25 19:34:49 [emerg] 1#1: host not found in upstream "node-service:8080" in /etc/nginx/conf.d/nginx.conf:2
2023/07/25 19:35:40 [emerg] 1#1: host not found in upstream "node-service:8080" in /etc/nginx/conf.d/nginx.conf:2
2023/07/25 19:36:41 [emerg] 1#1: host not found in upstream "node-service:8080" in /etc/nginx/conf.d/nginx.conf:2
2023/07/25 19:37:41 [emerg] 1#1: host not found in upstream "node-service:8080" in /etc/nginx/conf.d/nginx.conf:2
2023/07/25 19:44:11 [notice] 1#1: using the "epoll" event method
2023/07/25 19:44:11 [notice] 1#1: nginx/1.25.1
2023/07/25 19:44:11 [notice] 1#1: built by gcc 12.2.0 (Debian 12.2.0-14) 
2023/07/25 19:44:11 [notice] 1#1: OS: Linux 5.15.49-linuxkit
2023/07/25 19:44:11 [notice] 1#1: getrlimit(RLIMIT_NOFILE): 1048576:1048576
2023/07/25 19:44:11 [notice] 1#1: start worker processes
2023/07/25 19:44:11 [notice] 1#1: start worker process 20
2023/07/25 19:44:11 [notice] 1#1: start worker process 21
2023/07/25 19:44:11 [notice] 1#1: start worker process 22
2023/07/25 19:44:11 [notice] 1#1: start worker process 23
2023/07/25 19:44:11 [notice] 1#1: start worker process 24
2023/07/25 19:44:11 [notice] 1#1: start worker process 25
2023/07/25 19:44:56 [error] 20#20: *1 directory index of "/var/www/SHOTPING-frontend/" is forbidden, client: 172.30.0.1, server: , request: "GET / HTTP/1.1", host: "localhost"
2023/07/25 19:48:03 [error] 24#24: *3 directory index of "/var/www/SHOTPING-frontend/" is forbidden, client: 172.30.0.1, server: , request: "GET / HTTP/1.1", host: "localhost"
2023/07/25 19:59:59 [notice] 1#1: signal 3 (SIGQUIT) received, shutting down
2023/07/25 19:59:59 [notice] 20#20: gracefully shutting down
2023/07/25 19:59:59 [notice] 21#21: gracefully shutting down
2023/07/25 19:59:59 [notice] 24#24: gracefully shutting down
2023/07/25 19:59:59 [notice] 23#23: gracefully shutting down
2023/07/25 19:59:59 [notice] 22#22: gracefully shutting down
2023/07/25 19:59:59 [notice] 25#25: gracefully shutting down
2023/07/25 19:59:59 [notice] 20#20: exiting
2023/07/25 19:59:59 [notice] 21#21: exiting
2023/07/25 19:59:59 [notice] 24#24: exiting
2023/07/25 19:59:59 [notice] 23#23: exiting
2023/07/25 19:59:59 [notice] 22#22: exiting
2023/07/25 19:59:59 [notice] 25#25: exiting
2023/07/25 19:59:59 [notice] 22#22: exit
2023/07/25 19:59:59 [notice] 20#20: exit
2023/07/25 19:59:59 [notice] 21#21: exit
2023/07/25 19:59:59 [notice] 24#24: exit
2023/07/25 19:59:59 [notice] 23#23: exit
2023/07/25 19:59:59 [notice] 25#25: exit
2023/07/25 19:59:59 [notice] 1#1: signal 17 (SIGCHLD) received from 24
2023/07/25 19:59:59 [notice] 1#1: worker process 24 exited with code 0
2023/07/25 19:59:59 [notice] 1#1: worker process 21 exited with code 0
2023/07/25 19:59:59 [notice] 1#1: worker process 22 exited with code 0
2023/07/25 19:59:59 [notice] 1#1: signal 29 (SIGIO) received
2023/07/25 19:59:59 [notice] 1#1: signal 17 (SIGCHLD) received from 22
2023/07/25 19:59:59 [notice] 1#1: signal 17 (SIGCHLD) received from 20
2023/07/25 19:59:59 [notice] 1#1: worker process 20 exited with code 0
2023/07/25 19:59:59 [notice] 1#1: signal 29 (SIGIO) received
2023/07/25 19:59:59 [notice] 1#1: signal 17 (SIGCHLD) received from 23
2023/07/25 19:59:59 [notice] 1#1: worker process 23 exited with code 0
2023/07/25 19:59:59 [notice] 1#1: signal 29 (SIGIO) received
2023/07/25 19:59:59 [notice] 1#1: signal 17 (SIGCHLD) received from 25
2023/07/25 19:59:59 [notice] 1#1: worker process 25 exited with code 0
2023/07/25 19:59:59 [notice] 1#1: exit
2023/07/25 20:00:19 [notice] 1#1: using the "epoll" event method
2023/07/25 20:00:19 [notice] 1#1: nginx/1.25.1
2023/07/25 20:00:19 [notice] 1#1: built by gcc 12.2.0 (Debian 12.2.0-14) 
2023/07/25 20:00:19 [notice] 1#1: OS: Linux 5.15.49-linuxkit
2023/07/25 20:00:19 [notice] 1#1: getrlimit(RLIMIT_NOFILE): 1048576:1048576
2023/07/25 20:00:19 [notice] 1#1: start worker processes
2023/07/25 20:00:19 [notice] 1#1: start worker process 20
2023/07/25 20:00:19 [notice] 1#1: start worker process 21
2023/07/25 20:00:19 [notice] 1#1: start worker process 22
2023/07/25 20:00:19 [notice] 1#1: start worker process 23
2023/07/25 20:00:19 [notice] 1#1: start worker process 24
2023/07/25 20:00:19 [notice] 1#1: start worker process 25
2023/07/25 20:00:54 [error] 20#20: *2 directory index of "/var/www/SHOTPING-frontend/" is forbidden, client: 172.30.0.1, server: , request: "GET / HTTP/1.1", host: "localhost"
2023/07/25 20:01:01 [notice] 1#1: signal 3 (SIGQUIT) received, shutting down
2023/07/25 20:01:01 [notice] 20#20: gracefully shutting down
2023/07/25 20:01:01 [notice] 22#22: gracefully shutting down
2023/07/25 20:01:01 [notice] 22#22: exiting
2023/07/25 20:01:01 [notice] 24#24: gracefully shutting down
2023/07/25 20:01:01 [notice] 24#24: exiting
2023/07/25 20:01:01 [notice] 25#25: gracefully shutting down
2023/07/25 20:01:01 [notice] 25#25: exiting
2023/07/25 20:01:01 [notice] 21#21: gracefully shutting down
2023/07/25 20:01:01 [notice] 23#23: gracefully shutting down
2023/07/25 20:01:01 [notice] 20#20: exiting
2023/07/25 20:01:01 [notice] 20#20: exit
2023/07/25 20:01:01 [notice] 22#22: exit
2023/07/25 20:01:01 [notice] 24#24: exit
2023/07/25 20:01:01 [notice] 25#25: exit
2023/07/25 20:01:01 [notice] 23#23: exiting
2023/07/25 20:01:01 [notice] 23#23: exit
2023/07/25 20:01:01 [notice] 1#1: signal 17 (SIGCHLD) received from 20
2023/07/25 20:01:01 [notice] 1#1: worker process 20 exited with code 0
2023/07/25 20:01:01 [notice] 1#1: signal 29 (SIGIO) received
2023/07/25 20:01:01 [notice] 1#1: signal 17 (SIGCHLD) received from 22
2023/07/25 20:01:01 [notice] 1#1: worker process 22 exited with code 0
2023/07/25 20:01:01 [notice] 1#1: signal 29 (SIGIO) received
2023/07/25 20:01:01 [notice] 1#1: signal 17 (SIGCHLD) received from 24
2023/07/25 20:01:01 [notice] 1#1: worker process 24 exited with code 0
2023/07/25 20:01:01 [notice] 1#1: signal 29 (SIGIO) received
2023/07/25 20:01:01 [notice] 1#1: signal 17 (SIGCHLD) received from 23
2023/07/25 20:01:01 [notice] 1#1: worker process 23 exited with code 0
2023/07/25 20:01:01 [notice] 1#1: worker process 25 exited with code 0
2023/07/25 20:01:01 [notice] 1#1: signal 29 (SIGIO) received
2023/07/25 20:01:01 [notice] 1#1: signal 17 (SIGCHLD) received from 25
2023/07/25 20:03:42 [notice] 1#1: using the "epoll" event method
2023/07/25 20:03:42 [notice] 1#1: nginx/1.25.1
2023/07/25 20:03:42 [notice] 1#1: built by gcc 12.2.0 (Debian 12.2.0-14) 
2023/07/25 20:03:42 [notice] 1#1: OS: Linux 5.15.49-linuxkit
2023/07/25 20:03:42 [notice] 1#1: getrlimit(RLIMIT_NOFILE): 1048576:1048576
2023/07/25 20:03:42 [notice] 1#1: start worker processes
2023/07/25 20:03:42 [notice] 1#1: start worker process 20
2023/07/25 20:03:42 [notice] 1#1: start worker process 21
2023/07/25 20:03:42 [notice] 1#1: start worker process 22
2023/07/25 20:03:42 [notice] 1#1: start worker process 23
2023/07/25 20:03:42 [notice] 1#1: start worker process 24
2023/07/25 20:03:42 [notice] 1#1: start worker process 25
2023/07/25 21:29:44 [notice] 1#1: signal 3 (SIGQUIT) received, shutting down
2023/07/25 21:29:44 [notice] 20#20: gracefully shutting down
2023/07/25 21:29:44 [notice] 21#21: gracefully shutting down
2023/07/25 21:29:44 [notice] 24#24: gracefully shutting down
2023/07/25 21:29:44 [notice] 23#23: gracefully shutting down
2023/07/25 21:29:44 [notice] 22#22: gracefully shutting down
2023/07/25 21:29:44 [notice] 23#23: exiting
2023/07/25 21:29:44 [notice] 25#25: gracefully shutting down
2023/07/25 21:29:44 [notice] 20#20: exiting
2023/07/25 21:29:44 [notice] 21#21: exiting
2023/07/25 21:29:44 [notice] 21#21: exit
2023/07/25 21:29:44 [notice] 22#22: exiting
2023/07/25 21:29:44 [notice] 24#24: exiting
2023/07/25 21:29:44 [notice] 23#23: exit
2023/07/25 21:29:44 [notice] 25#25: exiting
2023/07/25 21:29:44 [notice] 20#20: exit
2023/07/25 21:29:44 [notice] 22#22: exit
2023/07/25 21:29:44 [notice] 24#24: exit
2023/07/25 21:29:44 [notice] 25#25: exit
2023/07/25 21:29:44 [notice] 1#1: signal 17 (SIGCHLD) received from 23
2023/07/25 21:29:44 [notice] 1#1: worker process 23 exited with code 0
2023/07/25 21:29:44 [notice] 1#1: signal 29 (SIGIO) received
2023/07/25 21:29:44 [notice] 1#1: signal 17 (SIGCHLD) received from 20
2023/07/25 21:29:44 [notice] 1#1: worker process 20 exited with code 0
2023/07/25 21:29:44 [notice] 1#1: worker process 22 exited with code 0
2023/07/25 21:29:44 [notice] 1#1: worker process 21 exited with code 0
2023/07/25 21:29:44 [notice] 1#1: signal 29 (SIGIO) received
2023/07/25 21:29:44 [notice] 1#1: signal 17 (SIGCHLD) received from 22
2023/07/25 21:29:44 [notice] 1#1: worker process 25 exited with code 0
2023/07/25 21:29:44 [notice] 1#1: worker process 24 exited with code 0
2023/07/25 21:29:44 [notice] 1#1: exit
2023/07/25 21:32:29 [notice] 1#1: using the "epoll" event method
2023/07/25 21:32:29 [notice] 1#1: nginx/1.25.1
2023/07/25 21:32:29 [notice] 1#1: built by gcc 12.2.0 (Debian 12.2.0-14) 
2023/07/25 21:32:29 [notice] 1#1: OS: Linux 5.15.49-linuxkit
2023/07/25 21:32:29 [notice] 1#1: getrlimit(RLIMIT_NOFILE): 1048576:1048576
2023/07/25 21:32:29 [notice] 1#1: start worker processes
2023/07/25 21:32:29 [notice] 1#1: start worker process 19
2023/07/25 21:32:29 [notice] 1#1: start worker process 20
2023/07/25 21:32:29 [notice] 1#1: start worker process 21
2023/07/25 21:32:29 [notice] 1#1: start worker process 22
2023/07/25 21:32:29 [notice] 1#1: start worker process 23
2023/07/25 21:32:29 [notice] 1#1: start worker process 24
2023/07/25 21:33:26 [error] 19#19: *1 directory index of "/var/www/SHOTPING-frontend/" is forbidden, client: 192.168.0.1, server: , request: "GET / HTTP/1.1", host: "localhost"
2023/07/25 21:35:27 [notice] 1#1: signal 3 (SIGQUIT) received, shutting down
2023/07/25 21:35:27 [notice] 19#19: gracefully shutting down
2023/07/25 21:35:27 [notice] 20#20: gracefully shutting down
2023/07/25 21:35:27 [notice] 21#21: gracefully shutting down
2023/07/25 21:35:27 [notice] 22#22: gracefully shutting down
2023/07/25 21:35:27 [notice] 23#23: gracefully shutting down
2023/07/25 21:35:27 [notice] 23#23: exiting
2023/07/25 21:35:27 [notice] 24#24: gracefully shutting down
2023/07/25 21:35:27 [notice] 19#19: exiting
2023/07/25 21:35:27 [notice] 20#20: exiting
2023/07/25 21:35:27 [notice] 21#21: exiting
2023/07/25 21:35:27 [notice] 22#22: exiting
2023/07/25 21:35:27 [notice] 23#23: exit
2023/07/25 21:35:27 [notice] 24#24: exiting
2023/07/25 21:35:27 [notice] 19#19: exit
2023/07/25 21:35:27 [notice] 20#20: exit
2023/07/25 21:35:27 [notice] 21#21: exit
2023/07/25 21:35:27 [notice] 22#22: exit
2023/07/25 21:35:27 [notice] 24#24: exit
2023/07/25 21:35:27 [notice] 1#1: signal 17 (SIGCHLD) received from 24
2023/07/25 21:35:27 [notice] 1#1: worker process 24 exited with code 0
2023/07/25 21:35:27 [notice] 1#1: worker process 19 exited with code 0
2023/07/25 21:35:27 [notice] 1#1: worker process 21 exited with code 0
2023/07/25 21:35:27 [notice] 1#1: worker process 23 exited with code 0
2023/07/25 21:35:27 [notice] 1#1: signal 29 (SIGIO) received
2023/07/25 21:35:27 [notice] 1#1: signal 17 (SIGCHLD) received from 23
2023/07/25 21:35:27 [notice] 1#1: signal 17 (SIGCHLD) received from 22
2023/07/25 21:35:27 [notice] 1#1: worker process 22 exited with code 0
2023/07/25 21:35:27 [notice] 1#1: signal 29 (SIGIO) received
2023/07/25 21:35:27 [notice] 1#1: signal 17 (SIGCHLD) received from 20
2023/07/25 21:35:27 [notice] 1#1: worker process 20 exited with code 0
2023/07/25 21:35:27 [notice] 1#1: exit
2023/07/25 21:38:07 [notice] 1#1: using the "epoll" event method
2023/07/25 21:38:07 [notice] 1#1: nginx/1.25.1
2023/07/25 21:38:07 [notice] 1#1: built by gcc 12.2.0 (Debian 12.2.0-14) 
2023/07/25 21:38:07 [notice] 1#1: OS: Linux 5.15.49-linuxkit
2023/07/25 21:38:07 [notice] 1#1: getrlimit(RLIMIT_NOFILE): 1048576:1048576
2023/07/25 21:38:07 [notice] 1#1: start worker processes
2023/07/25 21:38:07 [notice] 1#1: start worker process 20
2023/07/25 21:38:07 [notice] 1#1: start worker process 21
2023/07/25 21:38:07 [notice] 1#1: start worker process 22
2023/07/25 21:38:07 [notice] 1#1: start worker process 23
2023/07/25 21:38:07 [notice] 1#1: start worker process 24
2023/07/25 21:38:07 [notice] 1#1: start worker process 25
2023/07/25 21:39:15 [error] 20#20: *1 directory index of "/var/www/SHOTPING-frontend/" is forbidden, client: 192.168.16.1, server: , request: "GET / HTTP/1.1", host: "localhost"
2023/07/25 21:50:47 [notice] 1#1: signal 3 (SIGQUIT) received, shutting down
2023/07/25 21:50:47 [notice] 20#20: gracefully shutting down
2023/07/25 21:50:47 [notice] 22#22: gracefully shutting down
2023/07/25 21:50:47 [notice] 20#20: exiting
2023/07/25 21:50:47 [notice] 25#25: gracefully shutting down
2023/07/25 21:50:47 [notice] 23#23: gracefully shutting down
2023/07/25 21:50:47 [notice] 24#24: gracefully shutting down
2023/07/25 21:50:47 [notice] 21#21: gracefully shutting down
2023/07/25 21:50:47 [notice] 22#22: exiting
2023/07/25 21:50:47 [notice] 20#20: exit
2023/07/25 21:50:47 [notice] 25#25: exiting
2023/07/25 21:50:47 [notice] 24#24: exiting
2023/07/25 21:50:47 [notice] 23#23: exiting
2023/07/25 21:50:47 [notice] 22#22: exit
2023/07/25 21:50:47 [notice] 23#23: exit
2023/07/25 21:50:47 [notice] 21#21: exiting
2023/07/25 21:50:47 [notice] 25#25: exit
2023/07/25 21:50:47 [notice] 24#24: exit
2023/07/25 21:50:47 [notice] 21#21: exit
2023/07/25 21:50:47 [notice] 1#1: signal 17 (SIGCHLD) received from 20
2023/07/25 21:50:47 [notice] 1#1: worker process 20 exited with code 0
2023/07/25 21:50:47 [notice] 1#1: worker process 21 exited with code 0
2023/07/25 21:50:47 [notice] 1#1: worker process 24 exited with code 0
2023/07/25 21:50:47 [notice] 1#1: signal 29 (SIGIO) received
2023/07/25 21:50:47 [notice] 1#1: signal 17 (SIGCHLD) received from 21
2023/07/25 21:50:47 [notice] 1#1: signal 17 (SIGCHLD) received from 23
2023/07/25 21:50:47 [notice] 1#1: worker process 23 exited with code 0
2023/07/25 21:50:47 [notice] 1#1: signal 29 (SIGIO) received
2023/07/25 21:50:47 [notice] 1#1: signal 17 (SIGCHLD) received from 22
2023/07/25 21:50:47 [notice] 1#1: worker process 22 exited with code 0
2023/07/25 21:50:47 [notice] 1#1: signal 29 (SIGIO) received
2023/07/25 21:50:47 [notice] 1#1: signal 17 (SIGCHLD) received from 25
2023/07/25 21:50:47 [notice] 1#1: worker process 25 exited with code 0
2023/07/25 21:50:47 [notice] 1#1: exit
2023/07/25 21:53:13 [notice] 1#1: using the "epoll" event method
2023/07/25 21:53:13 [notice] 1#1: nginx/1.25.1
2023/07/25 21:53:13 [notice] 1#1: built by gcc 12.2.0 (Debian 12.2.0-14) 
2023/07/25 21:53:13 [notice] 1#1: OS: Linux 5.15.49-linuxkit
2023/07/25 21:53:13 [notice] 1#1: getrlimit(RLIMIT_NOFILE): 1048576:1048576
2023/07/25 21:53:13 [notice] 1#1: start worker processes
2023/07/25 21:53:13 [notice] 1#1: start worker process 20
2023/07/25 21:53:13 [notice] 1#1: start worker process 21
2023/07/25 21:53:13 [notice] 1#1: start worker process 22
2023/07/25 21:53:13 [notice] 1#1: start worker process 23
2023/07/25 21:53:13 [notice] 1#1: start worker process 24
2023/07/25 21:53:13 [notice] 1#1: start worker process 25
2023/07/25 21:58:12 [notice] 1#1: signal 3 (SIGQUIT) received, shutting down
2023/07/25 21:58:12 [notice] 20#20: gracefully shutting down
2023/07/25 21:58:12 [notice] 20#20: exiting
2023/07/25 21:58:12 [notice] 22#22: gracefully shutting down
2023/07/25 21:58:12 [notice] 24#24: gracefully shutting down
2023/07/25 21:58:12 [notice] 25#25: gracefully shutting down
2023/07/25 21:58:12 [notice] 23#23: gracefully shutting down
2023/07/25 21:58:12 [notice] 23#23: exiting
2023/07/25 21:58:12 [notice] 21#21: gracefully shutting down
2023/07/25 21:58:12 [notice] 20#20: exit
2023/07/25 21:58:12 [notice] 22#22: exiting
2023/07/25 21:58:12 [notice] 24#24: exiting
2023/07/25 21:58:12 [notice] 25#25: exiting
2023/07/25 21:58:12 [notice] 23#23: exit
2023/07/25 21:58:12 [notice] 22#22: exit
2023/07/25 21:58:12 [notice] 21#21: exiting
2023/07/25 21:58:12 [notice] 21#21: exit
2023/07/25 21:58:12 [notice] 24#24: exit
2023/07/25 21:58:12 [notice] 25#25: exit
2023/07/25 21:58:12 [notice] 1#1: signal 17 (SIGCHLD) received from 24
2023/07/25 21:58:12 [notice] 1#1: worker process 21 exited with code 0
2023/07/25 21:58:12 [notice] 1#1: worker process 20 exited with code 0
2023/07/25 21:58:12 [notice] 1#1: worker process 22 exited with code 0
2023/07/25 21:58:12 [notice] 1#1: worker process 24 exited with code 0
2023/07/25 21:58:12 [notice] 1#1: signal 29 (SIGIO) received
2023/07/25 21:58:12 [notice] 1#1: signal 17 (SIGCHLD) received from 22
2023/07/25 21:58:12 [notice] 1#1: signal 17 (SIGCHLD) received from 23
2023/07/25 21:58:12 [notice] 1#1: worker process 23 exited with code 0
2023/07/25 21:58:12 [notice] 1#1: signal 29 (SIGIO) received
2023/07/25 21:58:12 [notice] 1#1: signal 17 (SIGCHLD) received from 25
2023/07/25 21:58:12 [notice] 1#1: worker process 25 exited with code 0
2023/07/25 21:58:12 [notice] 1#1: exit
2023/07/26 05:34:23 [notice] 1#1: using the "epoll" event method
2023/07/26 05:34:23 [notice] 1#1: nginx/1.25.1
2023/07/26 05:34:23 [notice] 1#1: built by gcc 12.2.0 (Debian 12.2.0-14) 
2023/07/26 05:34:23 [notice] 1#1: OS: Linux 5.15.49-linuxkit
2023/07/26 05:34:23 [notice] 1#1: getrlimit(RLIMIT_NOFILE): 1048576:1048576
2023/07/26 05:34:23 [notice] 1#1: start worker processes
2023/07/26 05:34:23 [notice] 1#1: start worker process 20
2023/07/26 05:34:23 [notice] 1#1: start worker process 21
2023/07/26 05:34:23 [notice] 1#1: start worker process 22
2023/07/26 05:34:23 [notice] 1#1: start worker process 23
2023/07/26 05:34:23 [notice] 1#1: start worker process 24
2023/07/26 05:34:23 [notice] 1#1: start worker process 25
2023/07/26 05:37:31 [notice] 1#1: signal 3 (SIGQUIT) received, shutting down
2023/07/26 05:37:31 [notice] 22#22: gracefully shutting down
2023/07/26 05:37:31 [notice] 20#20: gracefully shutting down
2023/07/26 05:37:31 [notice] 21#21: gracefully shutting down
2023/07/26 05:37:31 [notice] 25#25: gracefully shutting down
2023/07/26 05:37:31 [notice] 24#24: gracefully shutting down
2023/07/26 05:37:31 [notice] 23#23: gracefully shutting down
2023/07/26 05:37:31 [notice] 22#22: exiting
2023/07/26 05:37:31 [notice] 20#20: exiting
2023/07/26 05:37:31 [notice] 21#21: exiting
2023/07/26 05:37:31 [notice] 25#25: exiting
2023/07/26 05:37:31 [notice] 24#24: exiting
2023/07/26 05:37:31 [notice] 23#23: exiting
2023/07/26 05:37:31 [notice] 22#22: exit
2023/07/26 05:37:31 [notice] 20#20: exit
2023/07/26 05:37:31 [notice] 21#21: exit
2023/07/26 05:37:31 [notice] 25#25: exit
2023/07/26 05:37:31 [notice] 24#24: exit
2023/07/26 05:37:31 [notice] 23#23: exit
2023/07/26 05:37:31 [notice] 1#1: signal 17 (SIGCHLD) received from 22
2023/07/26 05:37:31 [notice] 1#1: worker process 22 exited with code 0
2023/07/26 05:37:31 [notice] 1#1: worker process 21 exited with code 0
2023/07/26 05:37:31 [notice] 1#1: worker process 20 exited with code 0
2023/07/26 05:37:31 [notice] 1#1: worker process 23 exited with code 0
2023/07/26 05:37:31 [notice] 1#1: signal 29 (SIGIO) received
2023/07/26 05:37:31 [notice] 1#1: signal 17 (SIGCHLD) received from 21
2023/07/26 05:37:31 [notice] 1#1: worker process 24 exited with code 0
2023/07/26 05:37:31 [notice] 1#1: worker process 25 exited with code 0
2023/07/26 05:37:31 [notice] 1#1: exit
2023/07/26 05:37:32 [notice] 1#1: using the "epoll" event method
2023/07/26 05:37:32 [notice] 1#1: nginx/1.25.1
2023/07/26 05:37:32 [notice] 1#1: built by gcc 12.2.0 (Debian 12.2.0-14) 
2023/07/26 05:37:32 [notice] 1#1: OS: Linux 5.15.49-linuxkit
2023/07/26 05:37:32 [notice] 1#1: getrlimit(RLIMIT_NOFILE): 1048576:1048576
2023/07/26 05:37:32 [notice] 1#1: start worker processes
2023/07/26 05:37:32 [notice] 1#1: start worker process 21
2023/07/26 05:37:32 [notice] 1#1: start worker process 22
2023/07/26 05:37:32 [notice] 1#1: start worker process 23
2023/07/26 05:37:32 [notice] 1#1: start worker process 24
2023/07/26 05:37:32 [notice] 1#1: start worker process 25
2023/07/26 05:37:32 [notice] 1#1: start worker process 26
2023/07/26 05:38:41 [warn] 22#22: *2 a client request body is buffered to a temporary file /var/cache/nginx/client_temp/0000000001, client: 192.168.32.1, server: , request: "POST /api/v1/predict HTTP/1.1", host: "localhost", referrer: "http://localhost/scan"
2023/07/26 05:45:04 [notice] 1#1: signal 3 (SIGQUIT) received, shutting down
2023/07/26 05:45:04 [notice] 21#21: gracefully shutting down
2023/07/26 05:45:04 [notice] 24#24: gracefully shutting down
2023/07/26 05:45:04 [notice] 23#23: gracefully shutting down
2023/07/26 05:45:04 [notice] 25#25: gracefully shutting down
2023/07/26 05:45:04 [notice] 26#26: gracefully shutting down
2023/07/26 05:45:04 [notice] 22#22: gracefully shutting down
2023/07/26 05:45:04 [notice] 21#21: exiting
2023/07/26 05:45:04 [notice] 24#24: exiting
2023/07/26 05:45:04 [notice] 23#23: exiting
2023/07/26 05:45:04 [notice] 25#25: exiting
2023/07/26 05:45:04 [notice] 26#26: exiting
2023/07/26 05:45:04 [notice] 22#22: exiting
2023/07/26 05:45:04 [notice] 21#21: exit
2023/07/26 05:45:04 [notice] 24#24: exit
2023/07/26 05:45:04 [notice] 23#23: exit
2023/07/26 05:45:04 [notice] 25#25: exit
2023/07/26 05:45:04 [notice] 26#26: exit
2023/07/26 05:45:04 [notice] 22#22: exit
2023/07/26 05:45:04 [notice] 1#1: signal 17 (SIGCHLD) received from 22
2023/07/26 05:45:04 [notice] 1#1: worker process 21 exited with code 0
2023/07/26 05:45:04 [notice] 1#1: worker process 22 exited with code 0
2023/07/26 05:45:04 [notice] 1#1: signal 29 (SIGIO) received
2023/07/26 05:45:04 [notice] 1#1: signal 17 (SIGCHLD) received from 21
2023/07/26 05:45:04 [notice] 1#1: signal 17 (SIGCHLD) received from 25
2023/07/26 05:45:04 [notice] 1#1: worker process 24 exited with code 0
2023/07/26 05:45:04 [notice] 1#1: worker process 25 exited with code 0
2023/07/26 05:45:04 [notice] 1#1: worker process 23 exited with code 0
2023/07/26 05:45:04 [notice] 1#1: worker process 26 exited with code 0
2023/07/26 05:45:04 [notice] 1#1: exit
2023/07/26 05:52:24 [notice] 1#1: using the "epoll" event method
2023/07/26 05:52:24 [notice] 1#1: nginx/1.25.1
2023/07/26 05:52:24 [notice] 1#1: built by gcc 12.2.0 (Debian 12.2.0-14) 
2023/07/26 05:52:24 [notice] 1#1: OS: Linux 5.15.49-linuxkit
2023/07/26 05:52:24 [notice] 1#1: getrlimit(RLIMIT_NOFILE): 1048576:1048576
2023/07/26 05:52:24 [notice] 1#1: start worker processes
2023/07/26 05:52:24 [notice] 1#1: start worker process 20
2023/07/26 05:52:24 [notice] 1#1: start worker process 21
2023/07/26 05:52:24 [notice] 1#1: start worker process 22
2023/07/26 05:52:24 [notice] 1#1: start worker process 23
2023/07/26 05:52:24 [notice] 1#1: start worker process 24
2023/07/26 05:52:24 [notice] 1#1: start worker process 25
2023/07/26 06:08:06 [notice] 1#1: signal 3 (SIGQUIT) received, shutting down
2023/07/26 06:08:06 [notice] 20#20: gracefully shutting down
2023/07/26 06:08:06 [notice] 20#20: exiting
2023/07/26 06:08:06 [notice] 22#22: gracefully shutting down
2023/07/26 06:08:06 [notice] 22#22: exiting
2023/07/26 06:08:06 [notice] 21#21: gracefully shutting down
2023/07/26 06:08:06 [notice] 23#23: gracefully shutting down
2023/07/26 06:08:06 [notice] 24#24: gracefully shutting down
2023/07/26 06:08:06 [notice] 25#25: gracefully shutting down
2023/07/26 06:08:06 [notice] 25#25: exiting
2023/07/26 06:08:06 [notice] 20#20: exit
2023/07/26 06:08:06 [notice] 22#22: exit
2023/07/26 06:08:06 [notice] 21#21: exiting
2023/07/26 06:08:06 [notice] 23#23: exiting
2023/07/26 06:08:06 [notice] 24#24: exiting
2023/07/26 06:08:06 [notice] 24#24: exit
2023/07/26 06:08:06 [notice] 25#25: exit
2023/07/26 06:08:06 [notice] 21#21: exit
2023/07/26 06:08:06 [notice] 23#23: exit
2023/07/26 06:08:06 [notice] 1#1: signal 17 (SIGCHLD) received from 22
2023/07/26 06:08:06 [notice] 1#1: worker process 22 exited with code 0
2023/07/26 06:08:06 [notice] 1#1: worker process 20 exited with code 0
2023/07/26 06:08:06 [notice] 1#1: signal 29 (SIGIO) received
2023/07/26 06:08:06 [notice] 1#1: signal 17 (SIGCHLD) received from 20
2023/07/26 06:08:06 [notice] 1#1: signal 17 (SIGCHLD) received from 25
2023/07/26 06:08:06 [notice] 1#1: worker process 25 exited with code 0
2023/07/26 06:08:06 [notice] 1#1: signal 29 (SIGIO) received
2023/07/26 06:08:06 [notice] 1#1: signal 17 (SIGCHLD) received from 24
2023/07/26 06:08:06 [notice] 1#1: worker process 21 exited with code 0
2023/07/26 06:08:06 [notice] 1#1: worker process 23 exited with code 0
2023/07/26 06:08:06 [notice] 1#1: worker process 24 exited with code 0
2023/07/26 06:08:06 [notice] 1#1: exit
2023/07/26 13:58:37 [emerg] 1#1: open() "/etc/letsencrypt/options-ssl-nginx.conf" failed (2: No such file or directory) in /etc/nginx/conf.d/nginx.conf:27
2023/07/26 13:58:37 [emerg] 1#1: open() "/etc/letsencrypt/options-ssl-nginx.conf" failed (2: No such file or directory) in /etc/nginx/conf.d/nginx.conf:27
2023/07/26 13:58:38 [emerg] 1#1: open() "/etc/letsencrypt/options-ssl-nginx.conf" failed (2: No such file or directory) in /etc/nginx/conf.d/nginx.conf:27
2023/07/26 13:58:39 [emerg] 1#1: open() "/etc/letsencrypt/options-ssl-nginx.conf" failed (2: No such file or directory) in /etc/nginx/conf.d/nginx.conf:27
2023/07/26 13:58:40 [emerg] 1#1: open() "/etc/letsencrypt/options-ssl-nginx.conf" failed (2: No such file or directory) in /etc/nginx/conf.d/nginx.conf:27
2023/07/26 13:58:41 [emerg] 1#1: open() "/etc/letsencrypt/options-ssl-nginx.conf" failed (2: No such file or directory) in /etc/nginx/conf.d/nginx.conf:27
2023/07/26 13:58:45 [emerg] 1#1: open() "/etc/letsencrypt/options-ssl-nginx.conf" failed (2: No such file or directory) in /etc/nginx/conf.d/nginx.conf:27
2023/07/26 13:58:52 [emerg] 1#1: open() "/etc/letsencrypt/options-ssl-nginx.conf" failed (2: No such file or directory) in /etc/nginx/conf.d/nginx.conf:27
2023/07/26 14:04:07 [emerg] 1#1: open() "/etc/letsencrypt/options-ssl-nginx.conf" failed (2: No such file or directory) in /etc/nginx/conf.d/nginx.conf:27
2023/07/26 14:04:08 [emerg] 1#1: open() "/etc/letsencrypt/options-ssl-nginx.conf" failed (2: No such file or directory) in /etc/nginx/conf.d/nginx.conf:27
2023/07/26 14:04:08 [emerg] 1#1: open() "/etc/letsencrypt/options-ssl-nginx.conf" failed (2: No such file or directory) in /etc/nginx/conf.d/nginx.conf:27
2023/07/26 14:04:09 [emerg] 1#1: open() "/etc/letsencrypt/options-ssl-nginx.conf" failed (2: No such file or directory) in /etc/nginx/conf.d/nginx.conf:27
2023/07/26 14:04:10 [emerg] 1#1: open() "/etc/letsencrypt/options-ssl-nginx.conf" failed (2: No such file or directory) in /etc/nginx/conf.d/nginx.conf:27
2023/07/26 14:04:12 [emerg] 1#1: open() "/etc/letsencrypt/options-ssl-nginx.conf" failed (2: No such file or directory) in /etc/nginx/conf.d/nginx.conf:27
2023/07/26 14:04:16 [emerg] 1#1: open() "/etc/letsencrypt/options-ssl-nginx.conf" failed (2: No such file or directory) in /etc/nginx/conf.d/nginx.conf:27
2023/07/26 14:04:23 [emerg] 1#1: open() "/etc/letsencrypt/options-ssl-nginx.conf" failed (2: No such file or directory) in /etc/nginx/conf.d/nginx.conf:27
2023/07/26 14:04:36 [emerg] 1#1: open() "/etc/letsencrypt/options-ssl-nginx.conf" failed (2: No such file or directory) in /etc/nginx/conf.d/nginx.conf:27
2023/07/26 14:05:02 [emerg] 1#1: open() "/etc/letsencrypt/options-ssl-nginx.conf" failed (2: No such file or directory) in /etc/nginx/conf.d/nginx.conf:27
2023/07/26 14:05:54 [emerg] 1#1: open() "/etc/letsencrypt/options-ssl-nginx.conf" failed (2: No such file or directory) in /etc/nginx/conf.d/nginx.conf:27
2023/07/26 14:06:54 [emerg] 1#1: open() "/etc/letsencrypt/options-ssl-nginx.conf" failed (2: No such file or directory) in /etc/nginx/conf.d/nginx.conf:27
2023/07/26 14:07:55 [emerg] 1#1: open() "/etc/letsencrypt/options-ssl-nginx.conf" failed (2: No such file or directory) in /etc/nginx/conf.d/nginx.conf:27
2023/07/26 14:08:55 [emerg] 1#1: open() "/etc/letsencrypt/options-ssl-nginx.conf" failed (2: No such file or directory) in /etc/nginx/conf.d/nginx.conf:27
2023/07/26 14:09:55 [emerg] 1#1: open() "/etc/letsencrypt/options-ssl-nginx.conf" failed (2: No such file or directory) in /etc/nginx/conf.d/nginx.conf:27
2023/07/26 14:10:56 [emerg] 1#1: open() "/etc/letsencrypt/options-ssl-nginx.conf" failed (2: No such file or directory) in /etc/nginx/conf.d/nginx.conf:27
2023/07/26 14:11:56 [emerg] 1#1: open() "/etc/letsencrypt/options-ssl-nginx.conf" failed (2: No such file or directory) in /etc/nginx/conf.d/nginx.conf:27
2023/07/26 14:12:56 [emerg] 1#1: open() "/etc/letsencrypt/options-ssl-nginx.conf" failed (2: No such file or directory) in /etc/nginx/conf.d/nginx.conf:27
2023/07/26 14:13:56 [emerg] 1#1: open() "/etc/letsencrypt/options-ssl-nginx.conf" failed (2: No such file or directory) in /etc/nginx/conf.d/nginx.conf:27
2023/07/26 14:14:57 [emerg] 1#1: open() "/etc/letsencrypt/options-ssl-nginx.conf" failed (2: No such file or directory) in /etc/nginx/conf.d/nginx.conf:27
2023/07/26 14:15:57 [emerg] 1#1: open() "/etc/letsencrypt/options-ssl-nginx.conf" failed (2: No such file or directory) in /etc/nginx/conf.d/nginx.conf:27
2023/07/26 16:23:20 [emerg] 1#1: open() "/etc/letsencrypt/options-ssl-nginx.conf" failed (2: No such file or directory) in /etc/nginx/conf.d/nginx.conf:27
2023/07/26 16:23:21 [emerg] 1#1: open() "/etc/letsencrypt/options-ssl-nginx.conf" failed (2: No such file or directory) in /etc/nginx/conf.d/nginx.conf:27
2023/07/26 16:23:21 [emerg] 1#1: open() "/etc/letsencrypt/options-ssl-nginx.conf" failed (2: No such file or directory) in /etc/nginx/conf.d/nginx.conf:27
2023/07/26 16:23:22 [emerg] 1#1: open() "/etc/letsencrypt/options-ssl-nginx.conf" failed (2: No such file or directory) in /etc/nginx/conf.d/nginx.conf:27
2023/07/26 16:23:23 [emerg] 1#1: open() "/etc/letsencrypt/options-ssl-nginx.conf" failed (2: No such file or directory) in /etc/nginx/conf.d/nginx.conf:27
2023/07/26 16:23:25 [emerg] 1#1: open() "/etc/letsencrypt/options-ssl-nginx.conf" failed (2: No such file or directory) in /etc/nginx/conf.d/nginx.conf:27
2023/07/26 16:23:29 [emerg] 1#1: open() "/etc/letsencrypt/options-ssl-nginx.conf" failed (2: No such file or directory) in /etc/nginx/conf.d/nginx.conf:27
2023/07/26 16:23:36 [emerg] 1#1: open() "/etc/letsencrypt/options-ssl-nginx.conf" failed (2: No such file or directory) in /etc/nginx/conf.d/nginx.conf:27
2023/07/26 16:23:49 [emerg] 1#1: open() "/etc/letsencrypt/options-ssl-nginx.conf" failed (2: No such file or directory) in /etc/nginx/conf.d/nginx.conf:27
2023/07/26 16:24:15 [emerg] 1#1: open() "/etc/letsencrypt/options-ssl-nginx.conf" failed (2: No such file or directory) in /etc/nginx/conf.d/nginx.conf:27
2023/07/26 16:25:07 [emerg] 1#1: open() "/etc/letsencrypt/options-ssl-nginx.conf" failed (2: No such file or directory) in /etc/nginx/conf.d/nginx.conf:27
2023/07/26 16:26:07 [emerg] 1#1: open() "/etc/letsencrypt/options-ssl-nginx.conf" failed (2: No such file or directory) in /etc/nginx/conf.d/nginx.conf:27
2023/07/26 16:27:08 [emerg] 1#1: open() "/etc/letsencrypt/options-ssl-nginx.conf" failed (2: No such file or directory) in /etc/nginx/conf.d/nginx.conf:27
2023/07/26 16:28:08 [emerg] 1#1: open() "/etc/letsencrypt/options-ssl-nginx.conf" failed (2: No such file or directory) in /etc/nginx/conf.d/nginx.conf:27
2023/07/26 16:29:09 [emerg] 1#1: open() "/etc/letsencrypt/options-ssl-nginx.conf" failed (2: No such file or directory) in /etc/nginx/conf.d/nginx.conf:27
2023/07/26 16:30:09 [emerg] 1#1: open() "/etc/letsencrypt/options-ssl-nginx.conf" failed (2: No such file or directory) in /etc/nginx/conf.d/nginx.conf:27
2023/07/26 16:31:10 [emerg] 1#1: open() "/etc/letsencrypt/options-ssl-nginx.conf" failed (2: No such file or directory) in /etc/nginx/conf.d/nginx.conf:27
2023/07/26 16:32:10 [emerg] 1#1: open() "/etc/letsencrypt/options-ssl-nginx.conf" failed (2: No such file or directory) in /etc/nginx/conf.d/nginx.conf:27
2023/07/26 16:33:10 [emerg] 1#1: open() "/etc/letsencrypt/options-ssl-nginx.conf" failed (2: No such file or directory) in /etc/nginx/conf.d/nginx.conf:27
2023/07/26 16:34:11 [emerg] 1#1: open() "/etc/letsencrypt/options-ssl-nginx.conf" failed (2: No such file or directory) in /etc/nginx/conf.d/nginx.conf:27
2023/07/26 16:34:50 [emerg] 1#1: open() "/etc/letsencrypt/options-ssl-nginx.conf" failed (2: No such file or directory) in /etc/nginx/conf.d/nginx.conf:27
2023/07/26 16:34:51 [emerg] 1#1: open() "/etc/letsencrypt/options-ssl-nginx.conf" failed (2: No such file or directory) in /etc/nginx/conf.d/nginx.conf:27
2023/07/26 16:34:51 [emerg] 1#1: open() "/etc/letsencrypt/options-ssl-nginx.conf" failed (2: No such file or directory) in /etc/nginx/conf.d/nginx.conf:27
2023/07/26 16:34:52 [emerg] 1#1: open() "/etc/letsencrypt/options-ssl-nginx.conf" failed (2: No such file or directory) in /etc/nginx/conf.d/nginx.conf:27
2023/07/26 16:34:53 [emerg] 1#1: open() "/etc/letsencrypt/options-ssl-nginx.conf" failed (2: No such file or directory) in /etc/nginx/conf.d/nginx.conf:27
2023/07/26 16:34:55 [emerg] 1#1: open() "/etc/letsencrypt/options-ssl-nginx.conf" failed (2: No such file or directory) in /etc/nginx/conf.d/nginx.conf:27
2023/07/26 16:34:59 [emerg] 1#1: open() "/etc/letsencrypt/options-ssl-nginx.conf" failed (2: No such file or directory) in /etc/nginx/conf.d/nginx.conf:27
2023/07/26 16:35:06 [emerg] 1#1: open() "/etc/letsencrypt/options-ssl-nginx.conf" failed (2: No such file or directory) in /etc/nginx/conf.d/nginx.conf:27
2023/07/26 16:35:19 [emerg] 1#1: open() "/etc/letsencrypt/options-ssl-nginx.conf" failed (2: No such file or directory) in /etc/nginx/conf.d/nginx.conf:27
2023/07/26 16:35:45 [emerg] 1#1: open() "/etc/letsencrypt/options-ssl-nginx.conf" failed (2: No such file or directory) in /etc/nginx/conf.d/nginx.conf:27
2023/07/26 16:36:37 [emerg] 1#1: open() "/etc/letsencrypt/options-ssl-nginx.conf" failed (2: No such file or directory) in /etc/nginx/conf.d/nginx.conf:27
2023/07/26 16:37:37 [emerg] 1#1: open() "/etc/letsencrypt/options-ssl-nginx.conf" failed (2: No such file or directory) in /etc/nginx/conf.d/nginx.conf:27
2023/07/26 16:38:37 [emerg] 1#1: open() "/etc/letsencrypt/options-ssl-nginx.conf" failed (2: No such file or directory) in /etc/nginx/conf.d/nginx.conf:27
2023/07/26 16:39:38 [emerg] 1#1: open() "/etc/letsencrypt/options-ssl-nginx.conf" failed (2: No such file or directory) in /etc/nginx/conf.d/nginx.conf:27
2023/07/26 17:31:53 [emerg] 1#1: open() "/etc/letsencrypt/options-ssl-nginx.conf" failed (2: No such file or directory) in /etc/nginx/conf.d/nginx.conf:27
2023/07/26 17:31:54 [emerg] 1#1: open() "/etc/letsencrypt/options-ssl-nginx.conf" failed (2: No such file or directory) in /etc/nginx/conf.d/nginx.conf:27
2023/07/26 17:31:54 [emerg] 1#1: open() "/etc/letsencrypt/options-ssl-nginx.conf" failed (2: No such file or directory) in /etc/nginx/conf.d/nginx.conf:27
2023/07/26 17:31:55 [emerg] 1#1: open() "/etc/letsencrypt/options-ssl-nginx.conf" failed (2: No such file or directory) in /etc/nginx/conf.d/nginx.conf:27
2023/07/26 17:31:56 [emerg] 1#1: open() "/etc/letsencrypt/options-ssl-nginx.conf" failed (2: No such file or directory) in /etc/nginx/conf.d/nginx.conf:27
2023/07/26 17:31:58 [emerg] 1#1: open() "/etc/letsencrypt/options-ssl-nginx.conf" failed (2: No such file or directory) in /etc/nginx/conf.d/nginx.conf:27
2023/07/26 17:32:02 [emerg] 1#1: open() "/etc/letsencrypt/options-ssl-nginx.conf" failed (2: No such file or directory) in /etc/nginx/conf.d/nginx.conf:27
2023/07/27 05:27:06 [emerg] 1#1: open() "/etc/letsencrypt/options-ssl-nginx.conf" failed (2: No such file or directory) in /etc/nginx/conf.d/nginx.conf:27
2023/07/27 05:27:06 [emerg] 1#1: open() "/etc/letsencrypt/options-ssl-nginx.conf" failed (2: No such file or directory) in /etc/nginx/conf.d/nginx.conf:27
2023/07/27 05:27:07 [emerg] 1#1: open() "/etc/letsencrypt/options-ssl-nginx.conf" failed (2: No such file or directory) in /etc/nginx/conf.d/nginx.conf:27
2023/07/27 05:27:08 [emerg] 1#1: open() "/etc/letsencrypt/options-ssl-nginx.conf" failed (2: No such file or directory) in /etc/nginx/conf.d/nginx.conf:27
2023/07/27 05:27:09 [emerg] 1#1: open() "/etc/letsencrypt/options-ssl-nginx.conf" failed (2: No such file or directory) in /etc/nginx/conf.d/nginx.conf:27
2023/07/27 05:27:11 [emerg] 1#1: open() "/etc/letsencrypt/options-ssl-nginx.conf" failed (2: No such file or directory) in /etc/nginx/conf.d/nginx.conf:27
2023/07/27 05:27:14 [emerg] 1#1: open() "/etc/letsencrypt/options-ssl-nginx.conf" failed (2: No such file or directory) in /etc/nginx/conf.d/nginx.conf:27
2023/07/27 05:27:21 [emerg] 1#1: open() "/etc/letsencrypt/options-ssl-nginx.conf" failed (2: No such file or directory) in /etc/nginx/conf.d/nginx.conf:27
2023/07/27 05:27:34 [emerg] 1#1: open() "/etc/letsencrypt/options-ssl-nginx.conf" failed (2: No such file or directory) in /etc/nginx/conf.d/nginx.conf:27
2023/07/27 05:28:00 [emerg] 1#1: open() "/etc/letsencrypt/options-ssl-nginx.conf" failed (2: No such file or directory) in /etc/nginx/conf.d/nginx.conf:27
2023/07/27 05:28:52 [emerg] 1#1: open() "/etc/letsencrypt/options-ssl-nginx.conf" failed (2: No such file or directory) in /etc/nginx/conf.d/nginx.conf:27
2023/07/27 05:50:31 [emerg] 1#1: open() "/etc/letsencrypt/options-ssl-nginx.conf" failed (2: No such file or directory) in /etc/nginx/conf.d/nginx.conf:27
2023/07/27 05:50:32 [emerg] 1#1: open() "/etc/letsencrypt/options-ssl-nginx.conf" failed (2: No such file or directory) in /etc/nginx/conf.d/nginx.conf:27
2023/07/27 05:50:32 [emerg] 1#1: open() "/etc/letsencrypt/options-ssl-nginx.conf" failed (2: No such file or directory) in /etc/nginx/conf.d/nginx.conf:27
2023/07/27 05:50:33 [emerg] 1#1: open() "/etc/letsencrypt/options-ssl-nginx.conf" failed (2: No such file or directory) in /etc/nginx/conf.d/nginx.conf:27
2023/07/27 05:50:34 [emerg] 1#1: open() "/etc/letsencrypt/options-ssl-nginx.conf" failed (2: No such file or directory) in /etc/nginx/conf.d/nginx.conf:27
2023/07/27 05:50:36 [emerg] 1#1: open() "/etc/letsencrypt/options-ssl-nginx.conf" failed (2: No such file or directory) in /etc/nginx/conf.d/nginx.conf:27
2023/07/27 05:50:40 [emerg] 1#1: open() "/etc/letsencrypt/options-ssl-nginx.conf" failed (2: No such file or directory) in /etc/nginx/conf.d/nginx.conf:27
2023/07/27 05:50:46 [emerg] 1#1: open() "/etc/letsencrypt/options-ssl-nginx.conf" failed (2: No such file or directory) in /etc/nginx/conf.d/nginx.conf:27
2023/07/27 05:51:00 [emerg] 1#1: open() "/etc/letsencrypt/options-ssl-nginx.conf" failed (2: No such file or directory) in /etc/nginx/conf.d/nginx.conf:27
2023/07/27 05:51:26 [emerg] 1#1: open() "/etc/letsencrypt/options-ssl-nginx.conf" failed (2: No such file or directory) in /etc/nginx/conf.d/nginx.conf:27
2023/07/27 05:52:17 [emerg] 1#1: open() "/etc/letsencrypt/options-ssl-nginx.conf" failed (2: No such file or directory) in /etc/nginx/conf.d/nginx.conf:27
2023/07/27 05:53:18 [emerg] 1#1: open() "/etc/letsencrypt/options-ssl-nginx.conf" failed (2: No such file or directory) in /etc/nginx/conf.d/nginx.conf:27
2023/07/27 05:54:18 [emerg] 1#1: open() "/etc/letsencrypt/options-ssl-nginx.conf" failed (2: No such file or directory) in /etc/nginx/conf.d/nginx.conf:27
2023/07/27 05:55:19 [emerg] 1#1: open() "/etc/letsencrypt/options-ssl-nginx.conf" failed (2: No such file or directory) in /etc/nginx/conf.d/nginx.conf:27
2023/07/27 05:56:19 [emerg] 1#1: open() "/etc/letsencrypt/options-ssl-nginx.conf" failed (2: No such file or directory) in /etc/nginx/conf.d/nginx.conf:27
2023/07/27 05:57:20 [emerg] 1#1: open() "/etc/letsencrypt/options-ssl-nginx.conf" failed (2: No such file or directory) in /etc/nginx/conf.d/nginx.conf:27
2023/07/27 05:58:20 [emerg] 1#1: open() "/etc/letsencrypt/options-ssl-nginx.conf" failed (2: No such file or directory) in /etc/nginx/conf.d/nginx.conf:27
2023/07/27 05:59:20 [emerg] 1#1: open() "/etc/letsencrypt/options-ssl-nginx.conf" failed (2: No such file or directory) in /etc/nginx/conf.d/nginx.conf:27
2023/07/27 06:00:21 [emerg] 1#1: open() "/etc/letsencrypt/options-ssl-nginx.conf" failed (2: No such file or directory) in /etc/nginx/conf.d/nginx.conf:27
2023/07/27 06:01:21 [emerg] 1#1: open() "/etc/letsencrypt/options-ssl-nginx.conf" failed (2: No such file or directory) in /etc/nginx/conf.d/nginx.conf:27
2023/07/27 06:02:22 [emerg] 1#1: open() "/etc/letsencrypt/options-ssl-nginx.conf" failed (2: No such file or directory) in /etc/nginx/conf.d/nginx.conf:27
2023/07/27 06:03:22 [emerg] 1#1: open() "/etc/letsencrypt/options-ssl-nginx.conf" failed (2: No such file or directory) in /etc/nginx/conf.d/nginx.conf:27
2023/07/27 06:04:23 [emerg] 1#1: open() "/etc/letsencrypt/options-ssl-nginx.conf" failed (2: No such file or directory) in /etc/nginx/conf.d/nginx.conf:27
2023/07/27 06:05:23 [emerg] 1#1: open() "/etc/letsencrypt/options-ssl-nginx.conf" failed (2: No such file or directory) in /etc/nginx/conf.d/nginx.conf:27
2023/07/27 06:06:23 [emerg] 1#1: open() "/etc/letsencrypt/options-ssl-nginx.conf" failed (2: No such file or directory) in /etc/nginx/conf.d/nginx.conf:27
2023/07/27 06:07:24 [emerg] 1#1: open() "/etc/letsencrypt/options-ssl-nginx.conf" failed (2: No such file or directory) in /etc/nginx/conf.d/nginx.conf:27
2023/07/27 06:08:24 [emerg] 1#1: open() "/etc/letsencrypt/options-ssl-nginx.conf" failed (2: No such file or directory) in /etc/nginx/conf.d/nginx.conf:27
2023/07/27 06:09:25 [emerg] 1#1: open() "/etc/letsencrypt/options-ssl-nginx.conf" failed (2: No such file or directory) in /etc/nginx/conf.d/nginx.conf:27
2023/07/27 06:10:25 [emerg] 1#1: open() "/etc/letsencrypt/options-ssl-nginx.conf" failed (2: No such file or directory) in /etc/nginx/conf.d/nginx.conf:27
2023/07/27 06:11:26 [emerg] 1#1: open() "/etc/letsencrypt/options-ssl-nginx.conf" failed (2: No such file or directory) in /etc/nginx/conf.d/nginx.conf:27
2023/07/27 06:14:24 [emerg] 1#1: open() "/etc/letsencrypt/options-ssl-nginx.conf" failed (2: No such file or directory) in /etc/nginx/conf.d/nginx.conf:27
2023/07/27 06:14:24 [emerg] 1#1: open() "/etc/letsencrypt/options-ssl-nginx.conf" failed (2: No such file or directory) in /etc/nginx/conf.d/nginx.conf:27
2023/07/27 06:14:25 [emerg] 1#1: open() "/etc/letsencrypt/options-ssl-nginx.conf" failed (2: No such file or directory) in /etc/nginx/conf.d/nginx.conf:27
2023/07/27 06:14:26 [emerg] 1#1: open() "/etc/letsencrypt/options-ssl-nginx.conf" failed (2: No such file or directory) in /etc/nginx/conf.d/nginx.conf:27
2023/07/27 06:14:27 [emerg] 1#1: open() "/etc/letsencrypt/options-ssl-nginx.conf" failed (2: No such file or directory) in /etc/nginx/conf.d/nginx.conf:27
2023/07/27 06:14:29 [emerg] 1#1: open() "/etc/letsencrypt/options-ssl-nginx.conf" failed (2: No such file or directory) in /etc/nginx/conf.d/nginx.conf:27
2023/07/27 06:14:32 [emerg] 1#1: open() "/etc/letsencrypt/options-ssl-nginx.conf" failed (2: No such file or directory) in /etc/nginx/conf.d/nginx.conf:27
2023/07/27 06:14:39 [emerg] 1#1: open() "/etc/letsencrypt/options-ssl-nginx.conf" failed (2: No such file or directory) in /etc/nginx/conf.d/nginx.conf:27
2023/07/27 06:17:45 [emerg] 1#1: open() "/etc/letsencrypt/options-ssl-nginx.conf" failed (2: No such file or directory) in /etc/nginx/conf.d/nginx.conf:27
2023/07/27 06:17:46 [emerg] 1#1: open() "/etc/letsencrypt/options-ssl-nginx.conf" failed (2: No such file or directory) in /etc/nginx/conf.d/nginx.conf:27
2023/07/27 06:17:46 [emerg] 1#1: open() "/etc/letsencrypt/options-ssl-nginx.conf" failed (2: No such file or directory) in /etc/nginx/conf.d/nginx.conf:27
2023/07/27 06:17:47 [emerg] 1#1: open() "/etc/letsencrypt/options-ssl-nginx.conf" failed (2: No such file or directory) in /etc/nginx/conf.d/nginx.conf:27
2023/07/27 06:17:48 [emerg] 1#1: open() "/etc/letsencrypt/options-ssl-nginx.conf" failed (2: No such file or directory) in /etc/nginx/conf.d/nginx.conf:27
2023/07/27 06:17:50 [emerg] 1#1: open() "/etc/letsencrypt/options-ssl-nginx.conf" failed (2: No such file or directory) in /etc/nginx/conf.d/nginx.conf:27
2023/07/27 06:17:54 [emerg] 1#1: open() "/etc/letsencrypt/options-ssl-nginx.conf" failed (2: No such file or directory) in /etc/nginx/conf.d/nginx.conf:27
2023/07/27 06:18:01 [emerg] 1#1: open() "/etc/letsencrypt/options-ssl-nginx.conf" failed (2: No such file or directory) in /etc/nginx/conf.d/nginx.conf:27
2023/07/27 06:18:14 [emerg] 1#1: open() "/etc/letsencrypt/options-ssl-nginx.conf" failed (2: No such file or directory) in /etc/nginx/conf.d/nginx.conf:27
2023/07/27 06:18:40 [emerg] 1#1: open() "/etc/letsencrypt/options-ssl-nginx.conf" failed (2: No such file or directory) in /etc/nginx/conf.d/nginx.conf:27
2023/07/27 06:19:32 [emerg] 1#1: open() "/etc/letsencrypt/options-ssl-nginx.conf" failed (2: No such file or directory) in /etc/nginx/conf.d/nginx.conf:27
2023/07/27 06:20:32 [emerg] 1#1: open() "/etc/letsencrypt/options-ssl-nginx.conf" failed (2: No such file or directory) in /etc/nginx/conf.d/nginx.conf:27
2023/07/27 06:21:33 [emerg] 1#1: open() "/etc/letsencrypt/options-ssl-nginx.conf" failed (2: No such file or directory) in /etc/nginx/conf.d/nginx.conf:27
2023/07/27 06:22:33 [emerg] 1#1: open() "/etc/letsencrypt/options-ssl-nginx.conf" failed (2: No such file or directory) in /etc/nginx/conf.d/nginx.conf:27
2023/07/27 06:23:33 [emerg] 1#1: open() "/etc/letsencrypt/options-ssl-nginx.conf" failed (2: No such file or directory) in /etc/nginx/conf.d/nginx.conf:27
2023/07/27 09:15:27 [emerg] 1#1: cannot load certificate "/etc/letsencrypt/live/www.shotping.shop/fullchain.pem": BIO_new_file() failed (SSL: error:80000002:system library::No such file or directory:calling fopen(/etc/letsencrypt/live/www.shotping.shop/fullchain.pem, r) error:10000080:BIO routines::no such file)
2023/07/27 09:15:27 [emerg] 1#1: cannot load certificate "/etc/letsencrypt/live/www.shotping.shop/fullchain.pem": BIO_new_file() failed (SSL: error:80000002:system library::No such file or directory:calling fopen(/etc/letsencrypt/live/www.shotping.shop/fullchain.pem, r) error:10000080:BIO routines::no such file)
2023/07/27 09:15:28 [emerg] 1#1: cannot load certificate "/etc/letsencrypt/live/www.shotping.shop/fullchain.pem": BIO_new_file() failed (SSL: error:80000002:system library::No such file or directory:calling fopen(/etc/letsencrypt/live/www.shotping.shop/fullchain.pem, r) error:10000080:BIO routines::no such file)
2023/07/27 09:15:28 [emerg] 1#1: cannot load certificate "/etc/letsencrypt/live/www.shotping.shop/fullchain.pem": BIO_new_file() failed (SSL: error:80000002:system library::No such file or directory:calling fopen(/etc/letsencrypt/live/www.shotping.shop/fullchain.pem, r) error:10000080:BIO routines::no such file)
2023/07/27 09:15:29 [emerg] 1#1: cannot load certificate "/etc/letsencrypt/live/www.shotping.shop/fullchain.pem": BIO_new_file() failed (SSL: error:80000002:system library::No such file or directory:calling fopen(/etc/letsencrypt/live/www.shotping.shop/fullchain.pem, r) error:10000080:BIO routines::no such file)
2023/07/27 09:15:29 [emerg] 1#1: cannot load certificate "/etc/letsencrypt/live/www.shotping.shop/fullchain.pem": BIO_new_file() failed (SSL: error:80000002:system library::No such file or directory:calling fopen(/etc/letsencrypt/live/www.shotping.shop/fullchain.pem, r) error:10000080:BIO routines::no such file)
2023/07/27 09:15:30 [emerg] 1#1: cannot load certificate "/etc/letsencrypt/live/www.shotping.shop/fullchain.pem": BIO_new_file() failed (SSL: error:80000002:system library::No such file or directory:calling fopen(/etc/letsencrypt/live/www.shotping.shop/fullchain.pem, r) error:10000080:BIO routines::no such file)
2023/07/27 09:15:31 [emerg] 1#1: cannot load certificate "/etc/letsencrypt/live/www.shotping.shop/fullchain.pem": BIO_new_file() failed (SSL: error:80000002:system library::No such file or directory:calling fopen(/etc/letsencrypt/live/www.shotping.shop/fullchain.pem, r) error:10000080:BIO routines::no such file)
2023/07/27 15:10:44 [emerg] 1#1: cannot load certificate "/etc/letsencrypt/live/www.shotping.shop/fullchain.pem": BIO_new_file() failed (SSL: error:80000002:system library::No such file or directory:calling fopen(/etc/letsencrypt/live/www.shotping.shop/fullchain.pem, r) error:10000080:BIO routines::no such file)
2023/07/27 15:10:44 [emerg] 1#1: cannot load certificate "/etc/letsencrypt/live/www.shotping.shop/fullchain.pem": BIO_new_file() failed (SSL: error:80000002:system library::No such file or directory:calling fopen(/etc/letsencrypt/live/www.shotping.shop/fullchain.pem, r) error:10000080:BIO routines::no such file)
2023/07/27 15:10:45 [emerg] 1#1: cannot load certificate "/etc/letsencrypt/live/www.shotping.shop/fullchain.pem": BIO_new_file() failed (SSL: error:80000002:system library::No such file or directory:calling fopen(/etc/letsencrypt/live/www.shotping.shop/fullchain.pem, r) error:10000080:BIO routines::no such file)
2023/07/27 15:10:45 [emerg] 1#1: cannot load certificate "/etc/letsencrypt/live/www.shotping.shop/fullchain.pem": BIO_new_file() failed (SSL: error:80000002:system library::No such file or directory:calling fopen(/etc/letsencrypt/live/www.shotping.shop/fullchain.pem, r) error:10000080:BIO routines::no such file)
2023/07/27 15:10:46 [emerg] 1#1: cannot load certificate "/etc/letsencrypt/live/www.shotping.shop/fullchain.pem": BIO_new_file() failed (SSL: error:80000002:system library::No such file or directory:calling fopen(/etc/letsencrypt/live/www.shotping.shop/fullchain.pem, r) error:10000080:BIO routines::no such file)
2023/07/27 15:10:48 [emerg] 1#1: cannot load certificate "/etc/letsencrypt/live/www.shotping.shop/fullchain.pem": BIO_new_file() failed (SSL: error:80000002:system library::No such file or directory:calling fopen(/etc/letsencrypt/live/www.shotping.shop/fullchain.pem, r) error:10000080:BIO routines::no such file)
2023/07/27 15:10:52 [emerg] 1#1: cannot load certificate "/etc/letsencrypt/live/www.shotping.shop/fullchain.pem": BIO_new_file() failed (SSL: error:80000002:system library::No such file or directory:calling fopen(/etc/letsencrypt/live/www.shotping.shop/fullchain.pem, r) error:10000080:BIO routines::no such file)
2023/07/27 15:11:53 [notice] 1#1: using the "epoll" event method
2023/07/27 15:11:53 [notice] 1#1: nginx/1.25.1
2023/07/27 15:11:53 [notice] 1#1: built by gcc 12.2.0 (Debian 12.2.0-14) 
2023/07/27 15:11:53 [notice] 1#1: OS: Linux 5.15.49-linuxkit
2023/07/27 15:11:53 [notice] 1#1: getrlimit(RLIMIT_NOFILE): 1048576:1048576
2023/07/27 15:11:53 [notice] 1#1: start worker processes
2023/07/27 15:11:53 [notice] 1#1: start worker process 21
2023/07/27 15:11:53 [notice] 1#1: start worker process 22
2023/07/27 15:11:53 [notice] 1#1: start worker process 23
2023/07/27 15:11:53 [notice] 1#1: start worker process 24
2023/07/27 15:11:53 [notice] 1#1: start worker process 25
2023/07/27 15:11:53 [notice] 1#1: start worker process 26
2023/07/27 15:13:54 [notice] 1#1: signal 3 (SIGQUIT) received, shutting down
2023/07/27 15:13:54 [notice] 24#24: gracefully shutting down
2023/07/27 15:13:54 [notice] 22#22: gracefully shutting down
2023/07/27 15:13:54 [notice] 21#21: gracefully shutting down
2023/07/27 15:13:54 [notice] 25#25: gracefully shutting down
2023/07/27 15:13:54 [notice] 23#23: gracefully shutting down
2023/07/27 15:13:54 [notice] 26#26: gracefully shutting down
2023/07/27 15:13:54 [notice] 26#26: exiting
2023/07/27 15:13:54 [notice] 24#24: exiting
2023/07/27 15:13:54 [notice] 22#22: exiting
2023/07/27 15:13:54 [notice] 25#25: exiting
2023/07/27 15:13:54 [notice] 21#21: exiting
2023/07/27 15:13:54 [notice] 23#23: exiting
2023/07/27 15:13:54 [notice] 26#26: exit
2023/07/27 15:13:54 [notice] 24#24: exit
2023/07/27 15:13:54 [notice] 22#22: exit
2023/07/27 15:13:54 [notice] 25#25: exit
2023/07/27 15:13:54 [notice] 21#21: exit
2023/07/27 15:13:54 [notice] 23#23: exit
2023/07/27 15:13:54 [notice] 1#1: signal 17 (SIGCHLD) received from 24
2023/07/27 15:13:54 [notice] 1#1: worker process 24 exited with code 0
2023/07/27 15:13:54 [notice] 1#1: signal 29 (SIGIO) received
2023/07/27 15:13:54 [notice] 1#1: signal 17 (SIGCHLD) received from 23
2023/07/27 15:13:54 [notice] 1#1: worker process 21 exited with code 0
2023/07/27 15:13:54 [notice] 1#1: worker process 22 exited with code 0
2023/07/27 15:13:54 [notice] 1#1: worker process 23 exited with code 0
2023/07/27 15:13:54 [notice] 1#1: worker process 25 exited with code 0
2023/07/27 15:13:54 [notice] 1#1: worker process 26 exited with code 0
2023/07/27 15:13:54 [notice] 1#1: signal 17 (SIGCHLD) received from 21
2023/07/27 15:13:54 [notice] 1#1: exit
